Using pre-set license
Built from '2021.1/staging' branch; Version is '2021.1.18f1 (25bdc3efbc2d) revision 2473411'; Using compiler version '192528614'; Build Type 'Release'
OS: 'Windows 10 Home; OS build 19041.1237; Version 2004; 64bit' Language: 'en' Physical Memory: 3959 MB
BatchMode: 1, IsHumanControllingUs: 0, StartBugReporterOnCrash: 0, Is64bit: 1, IsPro: 0

COMMAND LINE ARGUMENTS:
C:\Program Files\Unity 2021.1.18f1\Editor\Unity.exe
-adb2
-batchMode
-noUpm
-name
AssetImportWorker1
-projectPath
C:/Users/Kelse/Documents/proj/Senior-Project/New Unity Project
-logFile
Logs/AssetImportWorker1.log
-srvPort
58526
Successfully changed project path to: C:/Users/Kelse/Documents/proj/Senior-Project/New Unity Project
C:/Users/Kelse/Documents/proj/Senior-Project/New Unity Project
Using Asset Import Pipeline V2.
Refreshing native plugins compatible for Editor in 53.14 ms, found 3 plugins.
Preloading 0 native plugins for Editor in 0.00 ms.
Initialize engine version: 2021.1.18f1 (25bdc3efbc2d)
[Subsystems] Discovering subsystems at path C:/Program Files/Unity 2021.1.18f1/Editor/Data/Resources/UnitySubsystems
[Subsystems] Discovering subsystems at path C:/Users/Kelse/Documents/proj/Senior-Project/New Unity Project/Assets
GfxDevice: creating device client; threaded=0; jobified=0
Direct3D:
    Version:  Direct3D 11.0 [level 11.0]
    Renderer: NVIDIA GeForce GTX 745 (ID=0x1382)
    Vendor:   NVIDIA
    VRAM:     4053 MB
    Driver:   30.0.14.7141
Initialize mono
Mono path[0] = 'C:/Program Files/Unity 2021.1.18f1/Editor/Data/Managed'
Mono path[1] = 'C:/Program Files/Unity 2021.1.18f1/Editor/Data/MonoBleedingEdge/lib/mono/unityjit'
Mono config path = 'C:/Program Files/Unity 2021.1.18f1/Editor/Data/MonoBleedingEdge/etc'
Using monoOptions --debugger-agent=transport=dt_socket,embedding=1,server=y,suspend=n,address=127.0.0.1:56620
Begin MonoManager ReloadAssembly
Registering precompiled unity dll's ...
Register platform support module: C:/Program Files/Unity 2021.1.18f1/Editor/Data/PlaybackEngines/WindowsStandaloneSupport/UnityEditor.WindowsStandalone.Extensions.dll
Registered in 0.002557 seconds.
Native extension for WindowsStandalone target not found
Refreshing native plugins compatible for Editor in 48.03 ms, found 3 plugins.
Preloading 0 native plugins for Editor in 0.00 ms.
Mono: successfully reloaded assembly
- Completed reload, in  1.330 seconds
Domain Reload Profiling:
	ReloadAssembly (1330ms)
		BeginReloadAssembly (78ms)
			ExecutionOrderSort (0ms)
			DisableScriptedObjects (0ms)
			BackupInstance (0ms)
			ReleaseScriptingObjects (0ms)
			CreateAndSetChildDomain (1ms)
		EndReloadAssembly (451ms)
			LoadAssemblies (76ms)
			RebuildTransferFunctionScriptingTraits (0ms)
			SetupTypeCache (175ms)
			ReleaseScriptCaches (0ms)
			RebuildScriptCaches (31ms)
			SetupLoadedEditorAssemblies (194ms)
				LogAssemblyErrors (0ms)
				InitializePlatformSupportModulesInManaged (6ms)
				SetLoadedEditorAssemblies (0ms)
				RefreshPlugins (48ms)
				BeforeProcessingInitializeOnLoad (2ms)
				ProcessInitializeOnLoadAttributes (105ms)
				ProcessInitializeOnLoadMethodAttributes (32ms)
				AfterProcessingInitializeOnLoad (0ms)
				EditorAssembliesLoaded (0ms)
			ExecutionOrderSort2 (0ms)
			AwakeInstancesAfterBackupRestoration (0ms)
Platform modules already initialized, skipping
Registering precompiled user dll's ...
Registered in 0.006149 seconds.
Begin MonoManager ReloadAssembly
Native extension for WindowsStandalone target not found
Refreshing native plugins compatible for Editor in 58.18 ms, found 3 plugins.
Preloading 0 native plugins for Editor in 0.00 ms.
Mono: successfully reloaded assembly
- Completed reload, in  3.400 seconds
Domain Reload Profiling:
	ReloadAssembly (3401ms)
		BeginReloadAssembly (230ms)
			ExecutionOrderSort (0ms)
			DisableScriptedObjects (6ms)
			BackupInstance (0ms)
			ReleaseScriptingObjects (0ms)
			CreateAndSetChildDomain (31ms)
		EndReloadAssembly (3082ms)
			LoadAssemblies (1744ms)
			RebuildTransferFunctionScriptingTraits (0ms)
			SetupTypeCache (516ms)
			ReleaseScriptCaches (1ms)
			RebuildScriptCaches (66ms)
			SetupLoadedEditorAssemblies (629ms)
				LogAssemblyErrors (0ms)
				InitializePlatformSupportModulesInManaged (5ms)
				SetLoadedEditorAssemblies (0ms)
				RefreshPlugins (58ms)
				BeforeProcessingInitializeOnLoad (86ms)
				ProcessInitializeOnLoadAttributes (433ms)
				ProcessInitializeOnLoadMethodAttributes (35ms)
				AfterProcessingInitializeOnLoad (11ms)
				EditorAssembliesLoaded (0ms)
			ExecutionOrderSort2 (0ms)
			AwakeInstancesAfterBackupRestoration (10ms)
Platform modules already initialized, skipping
========================================================================
Worker process is ready to serve import requests
Launched and connected shader compiler UnityShaderCompiler.exe after 0.26 seconds
Refreshing native plugins compatible for Editor in 0.79 ms, found 3 plugins.
Preloading 0 native plugins for Editor in 0.00 ms.
Unloading 2123 Unused Serialized files (Serialized files now loaded: 0)
System memory in use before: 107.1 MB.
System memory in use after: 107.2 MB.

Unloading 28 unused Assets to reduce memory usage. Loaded Objects now: 2590.
Total: 4.655200 ms (FindLiveObjects: 0.281800 ms CreateObjectMapping: 0.104600 ms MarkObjects: 4.195800 ms  DeleteObjects: 0.071600 ms)

AssetImportParameters requested are different than current active one (requested -> active):
  custom:framework-win-MediaFoundation: 216162199b28c13a410421893ffa2e32 -> 
  custom:video-decoder-ogg-theora: a1e56fd34408186e4bbccfd4996cb3dc -> 
  custom:container-muxer-webm: aa71ff27fc2769a1b78a27578f13a17b -> 
  custom:container-demuxer-webm: 4f35f7cbe854078d1ac9338744f61a02 -> 
  custom:container-demuxer-ogg: 62fdf1f143b41e24485cea50d1cbac27 -> 
  custom:video-encoder-webm-vp8: eb34c28f22e8b96e1ab97ce403110664 -> 
  custom:video-decoder-webm-vp8: 9c59270c3fd7afecdb556c50c9e8de78 -> 
  custom:audio-decoder-ogg-vorbis: bf7c407c2cedff20999df2af8eb42d56 -> 
  custom:audio-encoder-webm-vorbis: bf7c407c2cedff20999df2af8eb42d56 -> 
========================================================================
Received Import Request.
  path: Assets/Tiles/tiles_54.asset
  artifactKey: Guid(f87843af0ed56c84db574b545a93a43f) Importer(815301076,1909f56bfc062723c751e8b465ee728b)
Start importing Assets/Tiles/tiles_54.asset using Guid(f87843af0ed56c84db574b545a93a43f) Importer(815301076,1909f56bfc062723c751e8b465ee728b)  -> (artifact id: '69d6f9461d57dbbcefc3abaad09cec92') in 0.378385 seconds 
========================================================================
Received Import Request.
  Time since last request: 0.000450 seconds.
  path: Assets/Tiles/tiles_55.asset
  artifactKey: Guid(6c3fb0b0844e1d54c877ecb438906b07) Importer(815301076,1909f56bfc062723c751e8b465ee728b)
Start importing Assets/Tiles/tiles_55.asset using Guid(6c3fb0b0844e1d54c877ecb438906b07) Importer(815301076,1909f56bfc062723c751e8b465ee728b)  -> (artifact id: '39d686b7689db7c7a6bf4a13eaa47b45') in 0.022334 seconds 
========================================================================
Received Import Request.
  Time since last request: 0.000262 seconds.
  path: Assets/Tiles/tiles_5.asset
  artifactKey: Guid(473822bb2157c68458a7c1e8c824982d) Importer(815301076,1909f56bfc062723c751e8b465ee728b)
Start importing Assets/Tiles/tiles_5.asset using Guid(473822bb2157c68458a7c1e8c824982d) Importer(815301076,1909f56bfc062723c751e8b465ee728b)  -> (artifact id: '9fe7d40aac475b5c4697de07ed66fd61') in 0.019097 seconds 
========================================================================
Received Import Request.
  Time since last request: 0.000201 seconds.
  path: Assets/Tiles/tiles_66.asset
  artifactKey: Guid(9ff5fed9ca0ce3e429926d9f360561e3) Importer(815301076,1909f56bfc062723c751e8b465ee728b)
Start importing Assets/Tiles/tiles_66.asset using Guid(9ff5fed9ca0ce3e429926d9f360561e3) Importer(815301076,1909f56bfc062723c751e8b465ee728b)  -> (artifact id: 'd94a4f73a9a2a034779d601e53690bca') in 0.022994 seconds 
========================================================================
Received Import Request.
  Time since last request: 0.000322 seconds.
  path: Assets/Tiles/tiles_17.asset
  artifactKey: Guid(40845c73f1d33de4791c080a150c70c1) Importer(815301076,1909f56bfc062723c751e8b465ee728b)
Start importing Assets/Tiles/tiles_17.asset using Guid(40845c73f1d33de4791c080a150c70c1) Importer(815301076,1909f56bfc062723c751e8b465ee728b)  -> (artifact id: 'ad9c2fcbf7712b9405e80c217d01139d') in 0.018603 seconds 
========================================================================
Received Import Request.
  Time since last request: 0.000253 seconds.
  path: Assets/Tiles/tiles_44.asset
  artifactKey: Guid(585a694f54211ce42b1c8c4f71a98085) Importer(815301076,1909f56bfc062723c751e8b465ee728b)
Start importing Assets/Tiles/tiles_44.asset using Guid(585a694f54211ce42b1c8c4f71a98085) Importer(815301076,1909f56bfc062723c751e8b465ee728b)  -> (artifact id: '97e25f838780492f1b780a332aaed9f4') in 0.019849 seconds 
========================================================================
Received Import Request.
  Time since last request: 0.000191 seconds.
  path: Assets/Tiles/tiles_61.asset
  artifactKey: Guid(525dd03cc0689184d8536f32759afa36) Importer(815301076,1909f56bfc062723c751e8b465ee728b)
Start importing Assets/Tiles/tiles_61.asset using Guid(525dd03cc0689184d8536f32759afa36) Importer(815301076,1909f56bfc062723c751e8b465ee728b)  -> (artifact id: '44bdb87223d0e7326242e66ea42c0250') in 0.021480 seconds 
========================================================================
Received Import Request.
  Time since last request: 0.000202 seconds.
  path: Assets/Tiles/tiles_2.asset
  artifactKey: Guid(6f4d5827edd8c744999cbaa06cba001a) Importer(815301076,1909f56bfc062723c751e8b465ee728b)
Start importing Assets/Tiles/tiles_2.asset using Guid(6f4d5827edd8c744999cbaa06cba001a) Importer(815301076,1909f56bfc062723c751e8b465ee728b)  -> (artifact id: 'a63c71bacd708fd969fda97db22c896a') in 0.017484 seconds 
========================================================================
Received Import Request.
  Time since last request: 0.000198 seconds.
  path: Assets/Tiles/tiles_12.asset
  artifactKey: Guid(ba1ef3ff21b9f194cb5d13e0acebf279) Importer(815301076,1909f56bfc062723c751e8b465ee728b)
Start importing Assets/Tiles/tiles_12.asset using Guid(ba1ef3ff21b9f194cb5d13e0acebf279) Importer(815301076,1909f56bfc062723c751e8b465ee728b)  -> (artifact id: 'a462af1aca707f4d0ae546a81e2f7f4f') in 0.018761 seconds 
========================================================================
Received Import Request.
  Time since last request: 0.000246 seconds.
  path: Assets/Tiles/tiles_10.asset
  artifactKey: Guid(9ab2d4d4cae80e046b3d2aef3b0ff46d) Importer(815301076,1909f56bfc062723c751e8b465ee728b)
Start importing Assets/Tiles/tiles_10.asset using Guid(9ab2d4d4cae80e046b3d2aef3b0ff46d) Importer(815301076,1909f56bfc062723c751e8b465ee728b)  -> (artifact id: 'a875478dbd932deb851774f894663035') in 0.020326 seconds 
========================================================================
Received Import Request.
  Time since last request: 0.000190 seconds.
  path: Assets/Tiles/tiles_58.asset
  artifactKey: Guid(f56e023ceaafa4541bd61355f7d90595) Importer(815301076,1909f56bfc062723c751e8b465ee728b)
Start importing Assets/Tiles/tiles_58.asset using Guid(f56e023ceaafa4541bd61355f7d90595) Importer(815301076,1909f56bfc062723c751e8b465ee728b)  -> (artifact id: 'df7cd14dcb700a043e781a6417d7fdbb') in 0.029113 seconds 
========================================================================
Received Import Request.
  Time since last request: 0.000189 seconds.
  path: Assets/Tiles/tiles_7.asset
  artifactKey: Guid(9dce5971023ad3c4b920a898c861de3c) Importer(815301076,1909f56bfc062723c751e8b465ee728b)
Start importing Assets/Tiles/tiles_7.asset using Guid(9dce5971023ad3c4b920a898c861de3c) Importer(815301076,1909f56bfc062723c751e8b465ee728b)  -> (artifact id: '137bb6e6213ce089f35cbd97ec3f762c') in 0.018461 seconds 
========================================================================
Received Import Request.
  Time since last request: 0.000263 seconds.
  path: Assets/Tiles/tiles_51.asset
  artifactKey: Guid(a5f3c15d6a1a6af41a305e8de860aa4e) Importer(815301076,1909f56bfc062723c751e8b465ee728b)
Start importing Assets/Tiles/tiles_51.asset using Guid(a5f3c15d6a1a6af41a305e8de860aa4e) Importer(815301076,1909f56bfc062723c751e8b465ee728b)  -> (artifact id: '5aa20938e5c6450baf8e079dcb57a8b9') in 0.017926 seconds 
========================================================================
Received Import Request.
  Time since last request: 0.000235 seconds.
  path: Assets/Tiles/tiles_64.asset
  artifactKey: Guid(407626374ac48ca4f822db24e453ee1a) Importer(815301076,1909f56bfc062723c751e8b465ee728b)
Start importing Assets/Tiles/tiles_64.asset using Guid(407626374ac48ca4f822db24e453ee1a) Importer(815301076,1909f56bfc062723c751e8b465ee728b)  -> (artifact id: '15f190c306eec0247d278614df4164df') in 0.038187 seconds 
========================================================================
Received Import Request.
  Time since last request: 0.000334 seconds.
  path: Assets/Tiles/tiles_72.asset
  artifactKey: Guid(92d50c32d154dbb4e87f8f09f6e16d6d) Importer(815301076,1909f56bfc062723c751e8b465ee728b)
Start importing Assets/Tiles/tiles_72.asset using Guid(92d50c32d154dbb4e87f8f09f6e16d6d) Importer(815301076,1909f56bfc062723c751e8b465ee728b)  -> (artifact id: '3b59f1ca98f38b5c1f383ed6624f09ed') in 0.022355 seconds 
========================================================================
Received Import Request.
  Time since last request: 0.000379 seconds.
  path: Assets/Tiles/tiles_31.asset
  artifactKey: Guid(c40c0c81df300cc4b9ec9a613201adb6) Importer(815301076,1909f56bfc062723c751e8b465ee728b)
Start importing Assets/Tiles/tiles_31.asset using Guid(c40c0c81df300cc4b9ec9a613201adb6) Importer(815301076,1909f56bfc062723c751e8b465ee728b)  -> (artifact id: '96e7b5faf9785f8391348ece7096878c') in 0.018843 seconds 
========================================================================
Received Import Request.
  Time since last request: 0.000262 seconds.
  path: Assets/Tiles/tiles_43.asset
  artifactKey: Guid(4cd17df219e654b4e93620a8a2efea10) Importer(815301076,1909f56bfc062723c751e8b465ee728b)
Start importing Assets/Tiles/tiles_43.asset using Guid(4cd17df219e654b4e93620a8a2efea10) Importer(815301076,1909f56bfc062723c751e8b465ee728b)  -> (artifact id: '612795a1612549d4a940b097cba5d1da') in 0.018037 seconds 
========================================================================
Received Import Request.
  Time since last request: 0.000245 seconds.
  path: Assets/Tiles/tiles_39.asset
  artifactKey: Guid(6ccd32742fe7b2849a9afeb9727f4a64) Importer(815301076,1909f56bfc062723c751e8b465ee728b)
Start importing Assets/Tiles/tiles_39.asset using Guid(6ccd32742fe7b2849a9afeb9727f4a64) Importer(815301076,1909f56bfc062723c751e8b465ee728b)  -> (artifact id: '35cc3ff80905f84f60c866ffeb2d1e0d') in 0.041392 seconds 
========================================================================
Received Import Request.
  Time since last request: 0.000485 seconds.
  path: Assets/Tiles/tiles_36.asset
  artifactKey: Guid(761069e666c4af7449dbc68d2e7dbef1) Importer(815301076,1909f56bfc062723c751e8b465ee728b)
Start importing Assets/Tiles/tiles_36.asset using Guid(761069e666c4af7449dbc68d2e7dbef1) Importer(815301076,1909f56bfc062723c751e8b465ee728b)  -> (artifact id: 'c068fe43dbfe0a62e46e049f85ff34a3') in 0.030384 seconds 
========================================================================
Received Import Request.
  Time since last request: 0.000189 seconds.
  path: Assets/Tiles/tiles_77.asset
  artifactKey: Guid(1fea13eaaebe5b54bb38bb9a8915bff7) Importer(815301076,1909f56bfc062723c751e8b465ee728b)
Start importing Assets/Tiles/tiles_77.asset using Guid(1fea13eaaebe5b54bb38bb9a8915bff7) Importer(815301076,1909f56bfc062723c751e8b465ee728b)  -> (artifact id: '9c0a889822b24afbe3ffe45733707c4a') in 0.053415 seconds 
========================================================================
Received Import Request.
  Time since last request: 0.000293 seconds.
  path: Assets/Tiles/tiles_78.asset
  artifactKey: Guid(efb9ad29bae82414ea8c855c52675cce) Importer(815301076,1909f56bfc062723c751e8b465ee728b)
Start importing Assets/Tiles/tiles_78.asset using Guid(efb9ad29bae82414ea8c855c52675cce) Importer(815301076,1909f56bfc062723c751e8b465ee728b)  -> (artifact id: '91d3ac203788ada4fe65243cd9b9c7f7') in 0.024700 seconds 
========================================================================
Received Import Request.
  Time since last request: 0.000411 seconds.
  path: Assets/Tiles/tiles_23.asset
  artifactKey: Guid(b42846be8d577b0428622e70163d703c) Importer(815301076,1909f56bfc062723c751e8b465ee728b)
Start importing Assets/Tiles/tiles_23.asset using Guid(b42846be8d577b0428622e70163d703c) Importer(815301076,1909f56bfc062723c751e8b465ee728b)  -> (artifact id: '6eac6f8edda7e676baab449bc75bb64e') in 0.020785 seconds 
========================================================================
Received Import Request.
  Time since last request: 0.000197 seconds.
  path: Assets/Tiles/tiles_32.asset
  artifactKey: Guid(f872a6e0f1b5c5546b7e8e4fddea9016) Importer(815301076,1909f56bfc062723c751e8b465ee728b)
Start importing Assets/Tiles/tiles_32.asset using Guid(f872a6e0f1b5c5546b7e8e4fddea9016) Importer(815301076,1909f56bfc062723c751e8b465ee728b)  -> (artifact id: '33b546ab809cab8bdb27d8cfbc06b0e3') in 0.026941 seconds 
========================================================================
Received Import Request.
  Time since last request: 0.000197 seconds.
  path: Assets/Tiles/tiles_14.asset
  artifactKey: Guid(8a22b70635b523f44a946250d960009e) Importer(815301076,1909f56bfc062723c751e8b465ee728b)
Start importing Assets/Tiles/tiles_14.asset using Guid(8a22b70635b523f44a946250d960009e) Importer(815301076,1909f56bfc062723c751e8b465ee728b)  -> (artifact id: '08c9419abaee54a3bcd7817d7ba178c4') in 0.024396 seconds 
========================================================================
Received Import Request.
  Time since last request: 0.000240 seconds.
  path: Assets/Tiles/tiles_46.asset
  artifactKey: Guid(19b1f6faf5dc990449fd40470ec613c9) Importer(815301076,1909f56bfc062723c751e8b465ee728b)
Start importing Assets/Tiles/tiles_46.asset using Guid(19b1f6faf5dc990449fd40470ec613c9) Importer(815301076,1909f56bfc062723c751e8b465ee728b)  -> (artifact id: 'ecc82e339cff4407db4c586f8847c4c4') in 0.024013 seconds 
========================================================================
Received Import Request.
  Time since last request: 0.000187 seconds.
  path: Assets/Tiles/tiles_34.asset
  artifactKey: Guid(9f24af5ab517c0945a8cc150fd909c4d) Importer(815301076,1909f56bfc062723c751e8b465ee728b)
Start importing Assets/Tiles/tiles_34.asset using Guid(9f24af5ab517c0945a8cc150fd909c4d) Importer(815301076,1909f56bfc062723c751e8b465ee728b)  -> (artifact id: '78ded2aa3ca53d35894f8ff9eb6e4910') in 0.031834 seconds 
========================================================================
Received Import Request.
  Time since last request: 0.000310 seconds.
  path: Assets/Tiles/tiles_59.asset
  artifactKey: Guid(8aa9f12fb4ad7464e93c8e8f47e731bc) Importer(815301076,1909f56bfc062723c751e8b465ee728b)
Start importing Assets/Tiles/tiles_59.asset using Guid(8aa9f12fb4ad7464e93c8e8f47e731bc) Importer(815301076,1909f56bfc062723c751e8b465ee728b)  -> (artifact id: 'cbf7ce4e4942169dc94c8c19ae97a6fd') in 0.020174 seconds 
========================================================================
Received Import Request.
  Time since last request: 0.000185 seconds.
  path: Assets/Tiles/tiles_63.asset
  artifactKey: Guid(e73d22953582391499d763f34509a7ad) Importer(815301076,1909f56bfc062723c751e8b465ee728b)
Start importing Assets/Tiles/tiles_63.asset using Guid(e73d22953582391499d763f34509a7ad) Importer(815301076,1909f56bfc062723c751e8b465ee728b)  -> (artifact id: '227ca24177ae2dba937cbfbdf89b4ff4') in 0.021389 seconds 
========================================================================
Received Import Request.
  Time since last request: 0.000180 seconds.
  path: Assets/Tiles/tiles_53.asset
  artifactKey: Guid(f767d1764d10ab94e889f59f6814cc08) Importer(815301076,1909f56bfc062723c751e8b465ee728b)
Start importing Assets/Tiles/tiles_53.asset using Guid(f767d1764d10ab94e889f59f6814cc08) Importer(815301076,1909f56bfc062723c751e8b465ee728b)  -> (artifact id: '460010739b268d34128accdf44ba6ede') in 0.020514 seconds 
========================================================================
Received Import Request.
  Time since last request: 0.000337 seconds.
  path: Assets/Tiles/tiles_25.asset
  artifactKey: Guid(61f3b0c0a08f2fd44a4e566b651e3abf) Importer(815301076,1909f56bfc062723c751e8b465ee728b)
Start importing Assets/Tiles/tiles_25.asset using Guid(61f3b0c0a08f2fd44a4e566b651e3abf) Importer(815301076,1909f56bfc062723c751e8b465ee728b)  -> (artifact id: '26f4b59588b5d0a41a09bd05add0a4b2') in 0.021753 seconds 
========================================================================
Received Import Request.
  Time since last request: 0.000218 seconds.
  path: Assets/Tiles/tiles_67.asset
  artifactKey: Guid(da2fe3a2d01d02240a332796697aebe0) Importer(815301076,1909f56bfc062723c751e8b465ee728b)
Start importing Assets/Tiles/tiles_67.asset using Guid(da2fe3a2d01d02240a332796697aebe0) Importer(815301076,1909f56bfc062723c751e8b465ee728b)  -> (artifact id: '38837bb84345969ca1a175bd01e4a43a') in 0.022846 seconds 
========================================================================
Received Import Request.
  Time since last request: 0.000190 seconds.
  path: Assets/Tiles/tiles_0.asset
  artifactKey: Guid(7ced474cf91734444a90f41d9d889fcb) Importer(815301076,1909f56bfc062723c751e8b465ee728b)
Start importing Assets/Tiles/tiles_0.asset using Guid(7ced474cf91734444a90f41d9d889fcb) Importer(815301076,1909f56bfc062723c751e8b465ee728b)  -> (artifact id: '66fe3dfb07b660bedb10312f2682e38e') in 0.039576 seconds 
========================================================================
Received Import Request.
  Time since last request: 0.000226 seconds.
  path: Assets/Tiles/tiles_37.asset
  artifactKey: Guid(a8a53e97f6f44474a87d14353602dfa6) Importer(815301076,1909f56bfc062723c751e8b465ee728b)
Start importing Assets/Tiles/tiles_37.asset using Guid(a8a53e97f6f44474a87d14353602dfa6) Importer(815301076,1909f56bfc062723c751e8b465ee728b)  -> (artifact id: '461e3842cb3ed87c5cc47af76c0b2904') in 0.021472 seconds 
========================================================================
Received Import Request.
  Time since last request: 0.000222 seconds.
  path: Assets/Tiles/tiles_57.asset
  artifactKey: Guid(df715f5c2d873b54dbb3cbb9041ca4c3) Importer(815301076,1909f56bfc062723c751e8b465ee728b)
Start importing Assets/Tiles/tiles_57.asset using Guid(df715f5c2d873b54dbb3cbb9041ca4c3) Importer(815301076,1909f56bfc062723c751e8b465ee728b)  -> (artifact id: 'cd32dbd29ad53541142b3bf2495f797c') in 0.032814 seconds 
========================================================================
Received Import Request.
  Time since last request: 0.000470 seconds.
  path: Assets/Tiles/tiles_62.asset
  artifactKey: Guid(ccdea9bc4c6cdc64d9c99a76acb9e976) Importer(815301076,1909f56bfc062723c751e8b465ee728b)
Start importing Assets/Tiles/tiles_62.asset using Guid(ccdea9bc4c6cdc64d9c99a76acb9e976) Importer(815301076,1909f56bfc062723c751e8b465ee728b)  -> (artifact id: '8f12aca9f4203cd336576bd262fe1afb') in 0.038044 seconds 
========================================================================
Received Import Request.
  Time since last request: 0.000308 seconds.
  path: Assets/Tiles/tiles_19.asset
  artifactKey: Guid(58cebb226ae62b8488d86560aef54a18) Importer(815301076,1909f56bfc062723c751e8b465ee728b)
Start importing Assets/Tiles/tiles_19.asset using Guid(58cebb226ae62b8488d86560aef54a18) Importer(815301076,1909f56bfc062723c751e8b465ee728b)  -> (artifact id: '983c455cb89bb375ee3a9f9f5348949e') in 0.053918 seconds 
========================================================================
Received Import Request.
  Time since last request: 0.000287 seconds.
  path: Assets/Tiles/tiles_26.asset
  artifactKey: Guid(80f9ee9b91b13c144b59686f086775ed) Importer(815301076,1909f56bfc062723c751e8b465ee728b)
Start importing Assets/Tiles/tiles_26.asset using Guid(80f9ee9b91b13c144b59686f086775ed) Importer(815301076,1909f56bfc062723c751e8b465ee728b)  -> (artifact id: '4be319bab17b180b18424331a78c8fa8') in 0.022350 seconds 
========================================================================
Received Import Request.
  Time since last request: 0.000234 seconds.
  path: Assets/Tiles/tiles_4.asset
  artifactKey: Guid(49ed8fcbd3e9b2b4cb9e5b68962d8232) Importer(815301076,1909f56bfc062723c751e8b465ee728b)
Start importing Assets/Tiles/tiles_4.asset using Guid(49ed8fcbd3e9b2b4cb9e5b68962d8232) Importer(815301076,1909f56bfc062723c751e8b465ee728b)  -> (artifact id: 'ef284bd0bc8a5989d15b65aacfacce64') in 0.021165 seconds 
========================================================================
Received Import Request.
  Time since last request: 0.000241 seconds.
  path: Assets/Tiles/tiles_75.asset
  artifactKey: Guid(017b74dc41dcd8a42b2c18473ca6c5e6) Importer(815301076,1909f56bfc062723c751e8b465ee728b)
Start importing Assets/Tiles/tiles_75.asset using Guid(017b74dc41dcd8a42b2c18473ca6c5e6) Importer(815301076,1909f56bfc062723c751e8b465ee728b)  -> (artifact id: '5e617993a5b5f13a476c292c26d7a1e4') in 0.021238 seconds 
========================================================================
Received Import Request.
  Time since last request: 0.000206 seconds.
  path: Assets/Tiles/tiles_20.asset
  artifactKey: Guid(e9c4e89fd83929d4c9fac9db6ab5492c) Importer(815301076,1909f56bfc062723c751e8b465ee728b)
Start importing Assets/Tiles/tiles_20.asset using Guid(e9c4e89fd83929d4c9fac9db6ab5492c) Importer(815301076,1909f56bfc062723c751e8b465ee728b)  -> (artifact id: '793e59c95a3507c5f19e3a0bbb4ec7bf') in 0.019220 seconds 
========================================================================
Received Import Request.
  Time since last request: 0.000347 seconds.
  path: Assets/Tiles/tiles_29.asset
  artifactKey: Guid(e0bfaf1ed2d9a9e409db1f65cd351dde) Importer(815301076,1909f56bfc062723c751e8b465ee728b)
Start importing Assets/Tiles/tiles_29.asset using Guid(e0bfaf1ed2d9a9e409db1f65cd351dde) Importer(815301076,1909f56bfc062723c751e8b465ee728b)  -> (artifact id: 'd56ff67061938380e65f8dfb03cc1d0f') in 0.019572 seconds 
========================================================================
Received Import Request.
  Time since last request: 0.000210 seconds.
  path: Assets/Tiles/tiles_30.asset
  artifactKey: Guid(de1a3cfc128934f4a8d5c8b4255c4c33) Importer(815301076,1909f56bfc062723c751e8b465ee728b)
Start importing Assets/Tiles/tiles_30.asset using Guid(de1a3cfc128934f4a8d5c8b4255c4c33) Importer(815301076,1909f56bfc062723c751e8b465ee728b)  -> (artifact id: 'd16b1258c6ba23baa5f5199e10190ec9') in 0.020041 seconds 
========================================================================
Received Import Request.
  Time since last request: 0.000236 seconds.
  path: Assets/Tiles/tiles_15.asset
  artifactKey: Guid(ff4ecdabe2e8b8144a765cc6e0e650bd) Importer(815301076,1909f56bfc062723c751e8b465ee728b)
Start importing Assets/Tiles/tiles_15.asset using Guid(ff4ecdabe2e8b8144a765cc6e0e650bd) Importer(815301076,1909f56bfc062723c751e8b465ee728b)  -> (artifact id: '40580fee73344b6047aa919bf5e3fa52') in 0.038656 seconds 
========================================================================
Received Import Request.
  Time since last request: 0.000258 seconds.
  path: Assets/Tiles/tiles_33.asset
  artifactKey: Guid(7201619990f10254390b8ea86f2bd322) Importer(815301076,1909f56bfc062723c751e8b465ee728b)
Start importing Assets/Tiles/tiles_33.asset using Guid(7201619990f10254390b8ea86f2bd322) Importer(815301076,1909f56bfc062723c751e8b465ee728b)  -> (artifact id: 'e17ceb21368d07adc421a8bb14a99944') in 0.021042 seconds 
========================================================================
Received Import Request.
  Time since last request: 0.000186 seconds.
  path: Assets/Tiles/tiles_52.asset
  artifactKey: Guid(5977d5229a0379340907e3accfd9fceb) Importer(815301076,1909f56bfc062723c751e8b465ee728b)
Start importing Assets/Tiles/tiles_52.asset using Guid(5977d5229a0379340907e3accfd9fceb) Importer(815301076,1909f56bfc062723c751e8b465ee728b)  -> (artifact id: '38ac81ad6123192f8c9a416f5a3c71ae') in 0.020854 seconds 
========================================================================
Received Import Request.
  Time since last request: 0.000198 seconds.
  path: Assets/Tiles/tiles_40.asset
  artifactKey: Guid(f3af561f0d2ad4742869702fd06f2af0) Importer(815301076,1909f56bfc062723c751e8b465ee728b)
Start importing Assets/Tiles/tiles_40.asset using Guid(f3af561f0d2ad4742869702fd06f2af0) Importer(815301076,1909f56bfc062723c751e8b465ee728b)  -> (artifact id: '94a2f24cae1e7622d3d19cb006bd471e') in 0.019599 seconds 
========================================================================
Received Import Request.
  Time since last request: 0.000198 seconds.
  path: Assets/Tiles/tiles_76.asset
  artifactKey: Guid(9e181b2c9d68eff45879c134dee06a96) Importer(815301076,1909f56bfc062723c751e8b465ee728b)
Start importing Assets/Tiles/tiles_76.asset using Guid(9e181b2c9d68eff45879c134dee06a96) Importer(815301076,1909f56bfc062723c751e8b465ee728b)  -> (artifact id: '139fe3b2127e7886d856af8dca44bf32') in 0.019352 seconds 
========================================================================
Received Import Request.
  Time since last request: 0.000348 seconds.
  path: Assets/Tiles/tiles_47.asset
  artifactKey: Guid(07cbe19995f15b64abc685bf43f23ec0) Importer(815301076,1909f56bfc062723c751e8b465ee728b)
Start importing Assets/Tiles/tiles_47.asset using Guid(07cbe19995f15b64abc685bf43f23ec0) Importer(815301076,1909f56bfc062723c751e8b465ee728b)  -> (artifact id: '25ea2330351fd44be1ebba394e4b045d') in 0.020150 seconds 
========================================================================
Received Import Request.
  Time since last request: 0.000177 seconds.
  path: Assets/Tiles/tiles_69.asset
  artifactKey: Guid(ced52bbe1d8037b42ba5d6231d7ad3ab) Importer(815301076,1909f56bfc062723c751e8b465ee728b)
Start importing Assets/Tiles/tiles_69.asset using Guid(ced52bbe1d8037b42ba5d6231d7ad3ab) Importer(815301076,1909f56bfc062723c751e8b465ee728b)  -> (artifact id: '5d15b65eecae36a259f64687536ce9cc') in 0.018883 seconds 
========================================================================
Received Import Request.
  Time since last request: 0.000375 seconds.
  path: Assets/Tiles/tiles_41.asset
  artifactKey: Guid(35ce56cfc7cfd4444a7e387809329d9e) Importer(815301076,1909f56bfc062723c751e8b465ee728b)
Start importing Assets/Tiles/tiles_41.asset using Guid(35ce56cfc7cfd4444a7e387809329d9e) Importer(815301076,1909f56bfc062723c751e8b465ee728b)  -> (artifact id: 'e3965e2fc878682e84a0c5d34793b738') in 0.019811 seconds 
========================================================================
Received Import Request.
  Time since last request: 0.000248 seconds.
  path: Assets/Tiles/tiles_24.asset
  artifactKey: Guid(32d38b3b3105a244eb708b2ee0a5b99a) Importer(815301076,1909f56bfc062723c751e8b465ee728b)
Start importing Assets/Tiles/tiles_24.asset using Guid(32d38b3b3105a244eb708b2ee0a5b99a) Importer(815301076,1909f56bfc062723c751e8b465ee728b)  -> (artifact id: 'cc65dec6590c454a1aacdbdd2ce5aea3') in 0.016756 seconds 
========================================================================
Received Import Request.
  Time since last request: 0.000240 seconds.
  path: Assets/Tiles/tiles_3.asset
  artifactKey: Guid(d66cd129c3af06d43a5dc7c68c600e84) Importer(815301076,1909f56bfc062723c751e8b465ee728b)
Start importing Assets/Tiles/tiles_3.asset using Guid(d66cd129c3af06d43a5dc7c68c600e84) Importer(815301076,1909f56bfc062723c751e8b465ee728b)  -> (artifact id: 'e5945d18c57b5c0b2a5dc9089a6fc9fd') in 0.031147 seconds 
========================================================================
Received Import Request.
  Time since last request: 0.000229 seconds.
  path: Assets/Tiles/tiles_50.asset
  artifactKey: Guid(75a34705b49823c458a56abb514076de) Importer(815301076,1909f56bfc062723c751e8b465ee728b)
Start importing Assets/Tiles/tiles_50.asset using Guid(75a34705b49823c458a56abb514076de) Importer(815301076,1909f56bfc062723c751e8b465ee728b)  -> (artifact id: '67a74977cc2b2c7220508ef457c7a4ac') in 0.019950 seconds 
========================================================================
Received Import Request.
  Time since last request: 0.000276 seconds.
  path: Assets/Tiles/tiles_73.asset
  artifactKey: Guid(4564a2f84c7375547ab05998fd3a3bcc) Importer(815301076,1909f56bfc062723c751e8b465ee728b)
Start importing Assets/Tiles/tiles_73.asset using Guid(4564a2f84c7375547ab05998fd3a3bcc) Importer(815301076,1909f56bfc062723c751e8b465ee728b)  -> (artifact id: '49efd68119d263889d80ef53d7f4750c') in 0.018425 seconds 
========================================================================
Received Import Request.
  Time since last request: 0.000273 seconds.
  path: Assets/Tiles/tiles_13.asset
  artifactKey: Guid(b6b42cdf6c8b7884c8cc99bccb012a86) Importer(815301076,1909f56bfc062723c751e8b465ee728b)
Start importing Assets/Tiles/tiles_13.asset using Guid(b6b42cdf6c8b7884c8cc99bccb012a86) Importer(815301076,1909f56bfc062723c751e8b465ee728b)  -> (artifact id: '365f7e8a29de57937df98b8b6ac8b3e3') in 0.022377 seconds 
========================================================================
Received Import Request.
  Time since last request: 0.000189 seconds.
  path: Assets/Tiles/tiles_56.asset
  artifactKey: Guid(b14d794b68a096a4ca36c60863e0b283) Importer(815301076,1909f56bfc062723c751e8b465ee728b)
Start importing Assets/Tiles/tiles_56.asset using Guid(b14d794b68a096a4ca36c60863e0b283) Importer(815301076,1909f56bfc062723c751e8b465ee728b)  -> (artifact id: '2d5295a55a82e49018f87867722ead0b') in 0.019716 seconds 
========================================================================
Received Import Request.
  Time since last request: 0.000254 seconds.
  path: Assets/Tiles/tiles_28.asset
  artifactKey: Guid(895c70112a2871e488b3de38e0397506) Importer(815301076,1909f56bfc062723c751e8b465ee728b)
Start importing Assets/Tiles/tiles_28.asset using Guid(895c70112a2871e488b3de38e0397506) Importer(815301076,1909f56bfc062723c751e8b465ee728b)  -> (artifact id: '11f0e434030dc874e9c7d4e777a78a56') in 0.028543 seconds 
========================================================================
Received Import Request.
  Time since last request: 0.000187 seconds.
  path: Assets/Tiles/tiles_1.asset
  artifactKey: Guid(de3542eadcb6e1e408ea62365f4b8b6c) Importer(815301076,1909f56bfc062723c751e8b465ee728b)
Start importing Assets/Tiles/tiles_1.asset using Guid(de3542eadcb6e1e408ea62365f4b8b6c) Importer(815301076,1909f56bfc062723c751e8b465ee728b)  -> (artifact id: 'f1700db3f807871a9e6d222c6a05e707') in 0.017907 seconds 
========================================================================
Received Import Request.
  Time since last request: 0.000209 seconds.
  path: Assets/Tiles/tiles_22.asset
  artifactKey: Guid(81636b9d88511d14894525090be3e93d) Importer(815301076,1909f56bfc062723c751e8b465ee728b)
Start importing Assets/Tiles/tiles_22.asset using Guid(81636b9d88511d14894525090be3e93d) Importer(815301076,1909f56bfc062723c751e8b465ee728b)  -> (artifact id: '3dead0d2a67c964b8efe98c9d123870f') in 0.041820 seconds 
========================================================================
Received Import Request.
  Time since last request: 0.000614 seconds.
  path: Assets/Tiles/tiles_60.asset
  artifactKey: Guid(0d6ddadeb83438546ac26a96454d12e3) Importer(815301076,1909f56bfc062723c751e8b465ee728b)
Start importing Assets/Tiles/tiles_60.asset using Guid(0d6ddadeb83438546ac26a96454d12e3) Importer(815301076,1909f56bfc062723c751e8b465ee728b)  -> (artifact id: '3cb12a5371992f8998a6439d58201c35') in 0.019970 seconds 
========================================================================
Received Import Request.
  Time since last request: 0.000270 seconds.
  path: Assets/Tiles/tiles_6.asset
  artifactKey: Guid(c6199a4e3bf86fa4da2299403c02c39e) Importer(815301076,1909f56bfc062723c751e8b465ee728b)
Start importing Assets/Tiles/tiles_6.asset using Guid(c6199a4e3bf86fa4da2299403c02c39e) Importer(815301076,1909f56bfc062723c751e8b465ee728b)  -> (artifact id: '80742ec8bdb1b51dd7bc263ef693808f') in 0.021188 seconds 
========================================================================
Received Import Request.
  Time since last request: 0.000193 seconds.
  path: Assets/Tiles/tiles_9.asset
  artifactKey: Guid(474bff7bdec0b0c4c8acfda9383203e9) Importer(815301076,1909f56bfc062723c751e8b465ee728b)
Start importing Assets/Tiles/tiles_9.asset using Guid(474bff7bdec0b0c4c8acfda9383203e9) Importer(815301076,1909f56bfc062723c751e8b465ee728b)  -> (artifact id: '308b421f4e14f73ed1e7e2a8fb9b0c94') in 0.074336 seconds 
========================================================================
Received Import Request.
  Time since last request: 0.000497 seconds.
  path: Assets/Tiles/tiles_49.asset
  artifactKey: Guid(8b44656b442cecb4eb09bf911288a6ab) Importer(815301076,1909f56bfc062723c751e8b465ee728b)
Start importing Assets/Tiles/tiles_49.asset using Guid(8b44656b442cecb4eb09bf911288a6ab) Importer(815301076,1909f56bfc062723c751e8b465ee728b)  -> (artifact id: 'dd461508493dd052b4451a2c75c9eb7e') in 0.020542 seconds 
========================================================================
Received Import Request.
  Time since last request: 0.000248 seconds.
  path: Assets/Tiles/tiles_79.asset
  artifactKey: Guid(b59285a91fc05db4f8817d1d23df3f26) Importer(815301076,1909f56bfc062723c751e8b465ee728b)
Start importing Assets/Tiles/tiles_79.asset using Guid(b59285a91fc05db4f8817d1d23df3f26) Importer(815301076,1909f56bfc062723c751e8b465ee728b)  -> (artifact id: 'e81f5e660279211e01b44213ddf307f5') in 0.038181 seconds 
========================================================================
Received Import Request.
  Time since last request: 0.000315 seconds.
  path: Assets/Tiles/tiles_70.asset
  artifactKey: Guid(01ae0b58588898447b7dc3ccbfeb5a3a) Importer(815301076,1909f56bfc062723c751e8b465ee728b)
Start importing Assets/Tiles/tiles_70.asset using Guid(01ae0b58588898447b7dc3ccbfeb5a3a) Importer(815301076,1909f56bfc062723c751e8b465ee728b)  -> (artifact id: '5d2f73fe2182cb16ec2cdd24c1664c38') in 0.019752 seconds 
========================================================================
Received Import Request.
  Time since last request: 0.000263 seconds.
  path: Assets/Palettes.prefab
  artifactKey: Guid(f558ac43da779674fa2dd3bdd38b4dcd) Importer(815301076,1909f56bfc062723c751e8b465ee728b)
Start importing Assets/Palettes.prefab using Guid(f558ac43da779674fa2dd3bdd38b4dcd) Importer(815301076,1909f56bfc062723c751e8b465ee728b)  -> (artifact id: 'a1243fbe3e0b9b7570d9e0862eab6573') in 1.170088 seconds 
========================================================================
Received Import Request.
  Time since last request: 0.000286 seconds.
  path: Assets/Tiles/tiles_42.asset
  artifactKey: Guid(2af7060f3507f524cbd3c4eb0b5cf6be) Importer(815301076,1909f56bfc062723c751e8b465ee728b)
Start importing Assets/Tiles/tiles_42.asset using Guid(2af7060f3507f524cbd3c4eb0b5cf6be) Importer(815301076,1909f56bfc062723c751e8b465ee728b)  -> (artifact id: 'da74622b057ea67ef02d1e6acb990cfa') in 0.016294 seconds 
========================================================================
Received Import Request.
  Time since last request: 0.000194 seconds.
  path: Assets/Tiles/tiles_48.asset
  artifactKey: Guid(fb820430991303849bd599b433703dd8) Importer(815301076,1909f56bfc062723c751e8b465ee728b)
Start importing Assets/Tiles/tiles_48.asset using Guid(fb820430991303849bd599b433703dd8) Importer(815301076,1909f56bfc062723c751e8b465ee728b)  -> (artifact id: '739e60bf6b9b1d889069508f3b206345') in 0.015757 seconds 
========================================================================
Received Import Request.
  Time since last request: 0.000239 seconds.
  path: Assets/Tiles/tiles_27.asset
  artifactKey: Guid(0f2c6a30f7b2c0047880d823be8c90b6) Importer(815301076,1909f56bfc062723c751e8b465ee728b)
Start importing Assets/Tiles/tiles_27.asset using Guid(0f2c6a30f7b2c0047880d823be8c90b6) Importer(815301076,1909f56bfc062723c751e8b465ee728b)  -> (artifact id: '264a900367c79dc1a66093d34766c3cc') in 0.016052 seconds 
========================================================================
Received Import Request.
  Time since last request: 0.000267 seconds.
  path: Assets/Tiles/tiles_74.asset
  artifactKey: Guid(30f1ace5635083a48973d12ba1840c87) Importer(815301076,1909f56bfc062723c751e8b465ee728b)
Start importing Assets/Tiles/tiles_74.asset using Guid(30f1ace5635083a48973d12ba1840c87) Importer(815301076,1909f56bfc062723c751e8b465ee728b)  -> (artifact id: '526457eeb1ad61e6e06e6db89f37580d') in 0.015292 seconds 
========================================================================
Received Import Request.
  Time since last request: 0.000223 seconds.
  path: Assets/Tiles/tiles_45.asset
  artifactKey: Guid(c932fba284370734ba54b11c705d69c2) Importer(815301076,1909f56bfc062723c751e8b465ee728b)
Start importing Assets/Tiles/tiles_45.asset using Guid(c932fba284370734ba54b11c705d69c2) Importer(815301076,1909f56bfc062723c751e8b465ee728b)  -> (artifact id: '526a9d094817f9bbd5adc4060533c98d') in 0.015706 seconds 
========================================================================
Received Import Request.
  Time since last request: 0.000224 seconds.
  path: Assets/Tiles/tiles_16.asset
  artifactKey: Guid(b36798d41859e8b4eb6f66258c324372) Importer(815301076,1909f56bfc062723c751e8b465ee728b)
Start importing Assets/Tiles/tiles_16.asset using Guid(b36798d41859e8b4eb6f66258c324372) Importer(815301076,1909f56bfc062723c751e8b465ee728b)  -> (artifact id: '9388459ea60a0a64cf93c8d06f0e123b') in 0.024772 seconds 
========================================================================
Received Import Request.
  Time since last request: 0.000193 seconds.
  path: Assets/Tiles/tiles_8.asset
  artifactKey: Guid(4f8488ecb7986744183206922c308e3c) Importer(815301076,1909f56bfc062723c751e8b465ee728b)
Start importing Assets/Tiles/tiles_8.asset using Guid(4f8488ecb7986744183206922c308e3c) Importer(815301076,1909f56bfc062723c751e8b465ee728b)  -> (artifact id: '25c6995f9307249f7192745218d88380') in 0.021987 seconds 
========================================================================
Received Import Request.
  Time since last request: 0.000247 seconds.
  path: Assets/Tiles/tiles_18.asset
  artifactKey: Guid(6cd863b55ea6f2f4b98d63086a906d05) Importer(815301076,1909f56bfc062723c751e8b465ee728b)
Start importing Assets/Tiles/tiles_18.asset using Guid(6cd863b55ea6f2f4b98d63086a906d05) Importer(815301076,1909f56bfc062723c751e8b465ee728b)  -> (artifact id: '5a671cfa03707e5805dc224381d1f9d9') in 0.012192 seconds 
========================================================================
Received Import Request.
  Time since last request: 0.000284 seconds.
  path: Assets/Tiles/tiles_35.asset
  artifactKey: Guid(41fb29c6100bf4148848dd610c66458e) Importer(815301076,1909f56bfc062723c751e8b465ee728b)
Start importing Assets/Tiles/tiles_35.asset using Guid(41fb29c6100bf4148848dd610c66458e) Importer(815301076,1909f56bfc062723c751e8b465ee728b)  -> (artifact id: '762ba85cc00f40244e7130e6af08db45') in 0.014129 seconds 
========================================================================
Received Import Request.
  Time since last request: 0.000280 seconds.
  path: Assets/Tiles/tiles_65.asset
  artifactKey: Guid(de7575e497ff7044185d1b2d039d0425) Importer(815301076,1909f56bfc062723c751e8b465ee728b)
Start importing Assets/Tiles/tiles_65.asset using Guid(de7575e497ff7044185d1b2d039d0425) Importer(815301076,1909f56bfc062723c751e8b465ee728b)  -> (artifact id: 'af3a1799b2c133bbb77bf225604df33f') in 0.024601 seconds 
========================================================================
Received Import Request.
  Time since last request: 0.000247 seconds.
  path: Assets/Tiles/tiles_71.asset
  artifactKey: Guid(2b59da8e765e0904db76b5674d3a5fb0) Importer(815301076,1909f56bfc062723c751e8b465ee728b)
Start importing Assets/Tiles/tiles_71.asset using Guid(2b59da8e765e0904db76b5674d3a5fb0) Importer(815301076,1909f56bfc062723c751e8b465ee728b)  -> (artifact id: '5b0f30e1df96e4973f040042fb3220c2') in 0.014872 seconds 
========================================================================
Received Import Request.
  Time since last request: 0.000259 seconds.
  path: Assets/Tiles/tiles_38.asset
  artifactKey: Guid(192c5740a9e016340816bf973b2afd65) Importer(815301076,1909f56bfc062723c751e8b465ee728b)
Start importing Assets/Tiles/tiles_38.asset using Guid(192c5740a9e016340816bf973b2afd65) Importer(815301076,1909f56bfc062723c751e8b465ee728b)  -> (artifact id: 'c84ff9641377d273c18b8d14b1de7eb0') in 0.014563 seconds 
========================================================================
Received Import Request.
  Time since last request: 0.000275 seconds.
  path: Assets/Tiles/tiles_68.asset
  artifactKey: Guid(ac233dd83efa7794783362085e3122f0) Importer(815301076,1909f56bfc062723c751e8b465ee728b)
Start importing Assets/Tiles/tiles_68.asset using Guid(ac233dd83efa7794783362085e3122f0) Importer(815301076,1909f56bfc062723c751e8b465ee728b)  -> (artifact id: 'be79f405735a86714e784297cd4d0c3d') in 0.014632 seconds 
========================================================================
Received Import Request.
  Time since last request: 0.000240 seconds.
  path: Assets/Tiles/tiles_21.asset
  artifactKey: Guid(a483d1f4e5dbf754092c7525ef83e8d2) Importer(815301076,1909f56bfc062723c751e8b465ee728b)
Start importing Assets/Tiles/tiles_21.asset using Guid(a483d1f4e5dbf754092c7525ef83e8d2) Importer(815301076,1909f56bfc062723c751e8b465ee728b)  -> (artifact id: '787e7861971cc91bdd6d26e2fadf2e3a') in 0.014781 seconds 
========================================================================
Received Import Request.
  Time since last request: 0.000205 seconds.
  path: Assets/Tiles/tiles_11.asset
  artifactKey: Guid(ebdc2f4da15ac8b4e894e7166386165e) Importer(815301076,1909f56bfc062723c751e8b465ee728b)
Start importing Assets/Tiles/tiles_11.asset using Guid(ebdc2f4da15ac8b4e894e7166386165e) Importer(815301076,1909f56bfc062723c751e8b465ee728b)  -> (artifact id: 'a65f1976b4e66e57977b8c58ea55f55d') in 0.014035 seconds 
========================================================================
Received Import Request.
  Time since last request: 0.000287 seconds.
  path: Assets/Tiles/tiles_80.asset
  artifactKey: Guid(881c8db248121eb4d82d2261392ee82d) Importer(815301076,1909f56bfc062723c751e8b465ee728b)
Start importing Assets/Tiles/tiles_80.asset using Guid(881c8db248121eb4d82d2261392ee82d) Importer(815301076,1909f56bfc062723c751e8b465ee728b)  -> (artifact id: '1fe042cb501ebda6fecde752f40eb02b') in 0.015987 seconds 
========================================================================
Received Prepare
Refreshing native plugins compatible for Editor in 83.96 ms, found 3 plugins.
Preloading 0 native plugins for Editor in 0.00 ms.
Unloading 14 Unused Serialized files (Serialized files now loaded: 0)
System memory in use before: 69.1 MB.
System memory in use after: 69.2 MB.

Unloading 14 unused Assets to reduce memory usage. Loaded Objects now: 2600.
Total: 7.406900 ms (FindLiveObjects: 0.293600 ms CreateObjectMapping: 0.153600 ms MarkObjects: 6.934400 ms  DeleteObjects: 0.023300 ms)

AssetImportParameters requested are different than current active one (requested -> active):
  custom:framework-win-MediaFoundation: 216162199b28c13a410421893ffa2e32 -> 
  custom:video-decoder-ogg-theora: a1e56fd34408186e4bbccfd4996cb3dc -> 
  custom:container-muxer-webm: aa71ff27fc2769a1b78a27578f13a17b -> 
  custom:container-demuxer-webm: 4f35f7cbe854078d1ac9338744f61a02 -> 
  custom:container-demuxer-ogg: 62fdf1f143b41e24485cea50d1cbac27 -> 
  custom:video-encoder-webm-vp8: eb34c28f22e8b96e1ab97ce403110664 -> 
  custom:video-decoder-webm-vp8: 9c59270c3fd7afecdb556c50c9e8de78 -> 
  custom:audio-decoder-ogg-vorbis: bf7c407c2cedff20999df2af8eb42d56 -> 
  custom:audio-encoder-webm-vorbis: bf7c407c2cedff20999df2af8eb42d56 -> 
========================================================================
Received Import Request.
  Time since last request: 141.581031 seconds.
  path: Assets/Tiles/tiles_81.asset
  artifactKey: Guid(9995e245e1b59674da51f87f9cddd85f) Importer(815301076,1909f56bfc062723c751e8b465ee728b)
Start importing Assets/Tiles/tiles_81.asset using Guid(9995e245e1b59674da51f87f9cddd85f) Importer(815301076,1909f56bfc062723c751e8b465ee728b)  -> (artifact id: '47b9bda7a557117b3b1970a02622ca67') in 0.049240 seconds 
========================================================================
Received Import Request.
  Time since last request: 0.000281 seconds.
  path: Assets/Tiles/tiles_105.asset
  artifactKey: Guid(6296703b6dcc3e54ead1b9f05ccc2a06) Importer(815301076,1909f56bfc062723c751e8b465ee728b)
Start importing Assets/Tiles/tiles_105.asset using Guid(6296703b6dcc3e54ead1b9f05ccc2a06) Importer(815301076,1909f56bfc062723c751e8b465ee728b)  -> (artifact id: 'adca5601cd408270e339c13cf025865a') in 0.031271 seconds 
========================================================================
Received Import Request.
  Time since last request: 0.000317 seconds.
  path: Assets/Tiles/tiles_101.asset
  artifactKey: Guid(5e11d3d5a3a97014ea4022634724c38a) Importer(815301076,1909f56bfc062723c751e8b465ee728b)
Start importing Assets/Tiles/tiles_101.asset using Guid(5e11d3d5a3a97014ea4022634724c38a) Importer(815301076,1909f56bfc062723c751e8b465ee728b)  -> (artifact id: '225a1fbca7aef9b5464cdbb95a97c2b3') in 0.012412 seconds 
========================================================================
Received Import Request.
  Time since last request: 0.000767 seconds.
  path: Assets/Tiles/tiles_92.asset
  artifactKey: Guid(eedb38e9c18b55e448525467819780ce) Importer(815301076,1909f56bfc062723c751e8b465ee728b)
Start importing Assets/Tiles/tiles_92.asset using Guid(eedb38e9c18b55e448525467819780ce) Importer(815301076,1909f56bfc062723c751e8b465ee728b)  -> (artifact id: '0ec8d208ae958032583b82a032a7365f') in 0.026941 seconds 
========================================================================
Received Import Request.
  Time since last request: 0.000215 seconds.
  path: Assets/Tiles/tiles_127.asset
  artifactKey: Guid(e7597eba4585bcc41a08f5d516ffd828) Importer(815301076,1909f56bfc062723c751e8b465ee728b)
Start importing Assets/Tiles/tiles_127.asset using Guid(e7597eba4585bcc41a08f5d516ffd828) Importer(815301076,1909f56bfc062723c751e8b465ee728b)  -> (artifact id: '8a211f6cb1ae2f47f19c65b31ac38389') in 0.032404 seconds 
========================================================================
Received Import Request.
  Time since last request: 0.000774 seconds.
  path: Assets/Tiles/tiles_102.asset
  artifactKey: Guid(1cfe96ff138ef664082290dae20fea99) Importer(815301076,1909f56bfc062723c751e8b465ee728b)
Start importing Assets/Tiles/tiles_102.asset using Guid(1cfe96ff138ef664082290dae20fea99) Importer(815301076,1909f56bfc062723c751e8b465ee728b)  -> (artifact id: '3c1ceeb20092401a0a76d5d4e6533adb') in 0.021879 seconds 
========================================================================
Received Import Request.
  Time since last request: 0.000255 seconds.
  path: Assets/Tiles/tiles_103.asset
  artifactKey: Guid(f005c025db93c4e4aa65e9b60b4bba69) Importer(815301076,1909f56bfc062723c751e8b465ee728b)
Start importing Assets/Tiles/tiles_103.asset using Guid(f005c025db93c4e4aa65e9b60b4bba69) Importer(815301076,1909f56bfc062723c751e8b465ee728b)  -> (artifact id: 'af5bd9d62fa3c24612b834583fb126f2') in 0.013260 seconds 
========================================================================
Received Import Request.
  Time since last request: 0.000240 seconds.
  path: Assets/Tiles/tiles_140.asset
  artifactKey: Guid(0fe5cd74a1c3d2f40a80df880a8c3a13) Importer(815301076,1909f56bfc062723c751e8b465ee728b)
Start importing Assets/Tiles/tiles_140.asset using Guid(0fe5cd74a1c3d2f40a80df880a8c3a13) Importer(815301076,1909f56bfc062723c751e8b465ee728b)  -> (artifact id: 'e4cd0a750f7fb759c1bf18c32ed16859') in 0.014847 seconds 
========================================================================
Received Import Request.
  Time since last request: 0.000361 seconds.
  path: Assets/Tiles/tiles_130.asset
  artifactKey: Guid(ce792811999cf334abbc1820a5a10d22) Importer(815301076,1909f56bfc062723c751e8b465ee728b)
Start importing Assets/Tiles/tiles_130.asset using Guid(ce792811999cf334abbc1820a5a10d22) Importer(815301076,1909f56bfc062723c751e8b465ee728b)  -> (artifact id: 'faf59ec212a050d0237234e2b3742214') in 0.026176 seconds 
========================================================================
Received Import Request.
  Time since last request: 0.000217 seconds.
  path: Assets/Tiles/tiles_155.asset
  artifactKey: Guid(93250b341112a864fb262e4e38ba3e1a) Importer(815301076,1909f56bfc062723c751e8b465ee728b)
Start importing Assets/Tiles/tiles_155.asset using Guid(93250b341112a864fb262e4e38ba3e1a) Importer(815301076,1909f56bfc062723c751e8b465ee728b)  -> (artifact id: 'ad70c8c5f047a35cb9b50feff006d849') in 0.013328 seconds 
========================================================================
Received Import Request.
  Time since last request: 0.000250 seconds.
  path: Assets/Tiles/tiles_180.asset
  artifactKey: Guid(0a0b32d7323fc354d8c79f8bbb077e31) Importer(815301076,1909f56bfc062723c751e8b465ee728b)
Start importing Assets/Tiles/tiles_180.asset using Guid(0a0b32d7323fc354d8c79f8bbb077e31) Importer(815301076,1909f56bfc062723c751e8b465ee728b)  -> (artifact id: '0fd23e979efa9e8b8ebfdcd958737d2c') in 0.015784 seconds 
========================================================================
Received Import Request.
  Time since last request: 0.000195 seconds.
  path: Assets/Tiles/tiles_166.asset
  artifactKey: Guid(d477053c83ddf214d921a671c37b313b) Importer(815301076,1909f56bfc062723c751e8b465ee728b)
Start importing Assets/Tiles/tiles_166.asset using Guid(d477053c83ddf214d921a671c37b313b) Importer(815301076,1909f56bfc062723c751e8b465ee728b)  -> (artifact id: '9bde161c308b16be5daf901a28c9262e') in 0.020811 seconds 
========================================================================
Received Import Request.
  Time since last request: 0.000191 seconds.
  path: Assets/Tiles/tiles_173.asset
  artifactKey: Guid(7249d6876035a984ebb472573f65e87a) Importer(815301076,1909f56bfc062723c751e8b465ee728b)
Start importing Assets/Tiles/tiles_173.asset using Guid(7249d6876035a984ebb472573f65e87a) Importer(815301076,1909f56bfc062723c751e8b465ee728b)  -> (artifact id: '67d0418b08010754982ec3ffc64587a7') in 0.016353 seconds 
========================================================================
Received Import Request.
  Time since last request: 0.000239 seconds.
  path: Assets/Tiles/tiles_87.asset
  artifactKey: Guid(06c4086331efc5a4e8eb4c146e9da6aa) Importer(815301076,1909f56bfc062723c751e8b465ee728b)
Start importing Assets/Tiles/tiles_87.asset using Guid(06c4086331efc5a4e8eb4c146e9da6aa) Importer(815301076,1909f56bfc062723c751e8b465ee728b)  -> (artifact id: 'a64d5c2c3f3e1037446f86ce234cc0c9') in 0.015558 seconds 
========================================================================
Received Import Request.
  Time since last request: 0.000184 seconds.
  path: Assets/Tiles/tiles_134.asset
  artifactKey: Guid(08cd6052b67d8f4408ac91ebfccdd770) Importer(815301076,1909f56bfc062723c751e8b465ee728b)
Start importing Assets/Tiles/tiles_134.asset using Guid(08cd6052b67d8f4408ac91ebfccdd770) Importer(815301076,1909f56bfc062723c751e8b465ee728b)  -> (artifact id: '694e5c91b529e792bff47f2ffb2a4d92') in 0.014900 seconds 
========================================================================
Received Import Request.
  Time since last request: 0.000213 seconds.
  path: Assets/Tiles/tiles_141.asset
  artifactKey: Guid(8badfaad46742bb458fcf0798519e687) Importer(815301076,1909f56bfc062723c751e8b465ee728b)
Start importing Assets/Tiles/tiles_141.asset using Guid(8badfaad46742bb458fcf0798519e687) Importer(815301076,1909f56bfc062723c751e8b465ee728b)  -> (artifact id: 'd31011c5181ce690797632e895ee129e') in 0.019883 seconds 
========================================================================
Received Import Request.
  Time since last request: 0.000229 seconds.
  path: Assets/Tiles/tiles_98.asset
  artifactKey: Guid(409cb6ba6af3fa74cb271069fb37c39a) Importer(815301076,1909f56bfc062723c751e8b465ee728b)
Start importing Assets/Tiles/tiles_98.asset using Guid(409cb6ba6af3fa74cb271069fb37c39a) Importer(815301076,1909f56bfc062723c751e8b465ee728b)  -> (artifact id: 'b6568923464e9b204f675db59e911943') in 0.012768 seconds 
========================================================================
Received Import Request.
  Time since last request: 0.000249 seconds.
  path: Assets/Tiles/tiles_112.asset
  artifactKey: Guid(176ad1db4be31d244b39c37f5844235e) Importer(815301076,1909f56bfc062723c751e8b465ee728b)
Start importing Assets/Tiles/tiles_112.asset using Guid(176ad1db4be31d244b39c37f5844235e) Importer(815301076,1909f56bfc062723c751e8b465ee728b)  -> (artifact id: '5c8324f71ef6b8af51a69573ec74ed29') in 0.013529 seconds 
========================================================================
Received Import Request.
  Time since last request: 0.000246 seconds.
  path: Assets/Tiles/tiles_145.asset
  artifactKey: Guid(8aaaef8b666e2694189dc2fad401355d) Importer(815301076,1909f56bfc062723c751e8b465ee728b)
Start importing Assets/Tiles/tiles_145.asset using Guid(8aaaef8b666e2694189dc2fad401355d) Importer(815301076,1909f56bfc062723c751e8b465ee728b)  -> (artifact id: 'a129c26336fda4f585b90ae88be0ae2f') in 0.022777 seconds 
========================================================================
Received Import Request.
  Time since last request: 0.000213 seconds.
  path: Assets/Tiles/tiles_169.asset
  artifactKey: Guid(39f3c49a3900e034bb489adb33baf6a3) Importer(815301076,1909f56bfc062723c751e8b465ee728b)
Start importing Assets/Tiles/tiles_169.asset using Guid(39f3c49a3900e034bb489adb33baf6a3) Importer(815301076,1909f56bfc062723c751e8b465ee728b)  -> (artifact id: '296b66191bd49a62ef0a45e30127448e') in 0.015979 seconds 
========================================================================
Received Import Request.
  Time since last request: 0.000189 seconds.
  path: Assets/Tiles/tiles_157.asset
  artifactKey: Guid(6b4aad38a2d8c6940951c70d356497e6) Importer(815301076,1909f56bfc062723c751e8b465ee728b)
Start importing Assets/Tiles/tiles_157.asset using Guid(6b4aad38a2d8c6940951c70d356497e6) Importer(815301076,1909f56bfc062723c751e8b465ee728b)  -> (artifact id: '83ee9a77c975554f5e66bdd0bb8bafe5') in 0.015956 seconds 
========================================================================
Received Import Request.
  Time since last request: 0.000196 seconds.
  path: Assets/Tiles/tiles_148.asset
  artifactKey: Guid(0df7c5fbb7f53594c90efb806fe29b16) Importer(815301076,1909f56bfc062723c751e8b465ee728b)
Start importing Assets/Tiles/tiles_148.asset using Guid(0df7c5fbb7f53594c90efb806fe29b16) Importer(815301076,1909f56bfc062723c751e8b465ee728b)  -> (artifact id: '00827c5109da5835712f061500a35fc6') in 0.013439 seconds 
========================================================================
Received Import Request.
  Time since last request: 0.000236 seconds.
  path: Assets/Tiles/tiles_138.asset
  artifactKey: Guid(9c431c17989d4764baf56a26e183b4cd) Importer(815301076,1909f56bfc062723c751e8b465ee728b)
Start importing Assets/Tiles/tiles_138.asset using Guid(9c431c17989d4764baf56a26e183b4cd) Importer(815301076,1909f56bfc062723c751e8b465ee728b)  -> (artifact id: '472844f2b3f2070fab3823cf29adf86d') in 0.014414 seconds 
========================================================================
Received Import Request.
  Time since last request: 0.000219 seconds.
  path: Assets/Tiles/tiles_170.asset
  artifactKey: Guid(5e488229f9a998d4c85f58551e9bd8a4) Importer(815301076,1909f56bfc062723c751e8b465ee728b)
Start importing Assets/Tiles/tiles_170.asset using Guid(5e488229f9a998d4c85f58551e9bd8a4) Importer(815301076,1909f56bfc062723c751e8b465ee728b)  -> (artifact id: '4f2730b3bfe5d769c889058cf75ba5c0') in 0.013432 seconds 
========================================================================
Received Import Request.
  Time since last request: 0.000329 seconds.
  path: Assets/Tiles/tiles_178.asset
  artifactKey: Guid(ea958679469dc2a4385b89d2eb37d39d) Importer(815301076,1909f56bfc062723c751e8b465ee728b)
Start importing Assets/Tiles/tiles_178.asset using Guid(ea958679469dc2a4385b89d2eb37d39d) Importer(815301076,1909f56bfc062723c751e8b465ee728b)  -> (artifact id: 'f8a42b5abecf674879dab1b78f53122c') in 0.014441 seconds 
========================================================================
Received Import Request.
  Time since last request: 0.000320 seconds.
  path: Assets/Tiles/tiles_146.asset
  artifactKey: Guid(6ee1ba5a9bebdff4fb84a67b0af43118) Importer(815301076,1909f56bfc062723c751e8b465ee728b)
Start importing Assets/Tiles/tiles_146.asset using Guid(6ee1ba5a9bebdff4fb84a67b0af43118) Importer(815301076,1909f56bfc062723c751e8b465ee728b)  -> (artifact id: '5b47cda29b4dcd20b6b46e72920cc4ae') in 0.014553 seconds 
========================================================================
Received Import Request.
  Time since last request: 0.000299 seconds.
  path: Assets/Tiles/tiles_113.asset
  artifactKey: Guid(4e8fcc644c1febb42a179113b35e1709) Importer(815301076,1909f56bfc062723c751e8b465ee728b)
Start importing Assets/Tiles/tiles_113.asset using Guid(4e8fcc644c1febb42a179113b35e1709) Importer(815301076,1909f56bfc062723c751e8b465ee728b)  -> (artifact id: '7e6b2fbe950017cfdaf515cfb6b7a7ab') in 0.013338 seconds 
========================================================================
Received Import Request.
  Time since last request: 0.000232 seconds.
  path: Assets/Tiles/tiles_137.asset
  artifactKey: Guid(5f7a2ee1e36ef3b4fbaba2eb5c497c01) Importer(815301076,1909f56bfc062723c751e8b465ee728b)
Start importing Assets/Tiles/tiles_137.asset using Guid(5f7a2ee1e36ef3b4fbaba2eb5c497c01) Importer(815301076,1909f56bfc062723c751e8b465ee728b)  -> (artifact id: '95988892f68157180fcee27c94ea4494') in 0.013176 seconds 
========================================================================
Received Import Request.
  Time since last request: 0.000264 seconds.
  path: Assets/Tiles/tiles_165.asset
  artifactKey: Guid(aa9184339a3f9034f80ddbe9e9942751) Importer(815301076,1909f56bfc062723c751e8b465ee728b)
Start importing Assets/Tiles/tiles_165.asset using Guid(aa9184339a3f9034f80ddbe9e9942751) Importer(815301076,1909f56bfc062723c751e8b465ee728b)  -> (artifact id: '5764478fa882134cafce707dcb827bbe') in 0.014271 seconds 
========================================================================
Received Import Request.
  Time since last request: 0.000285 seconds.
  path: Assets/Tiles/tiles_114.asset
  artifactKey: Guid(41397ff5bfc6bfa478a6038bf652ae2a) Importer(815301076,1909f56bfc062723c751e8b465ee728b)
Start importing Assets/Tiles/tiles_114.asset using Guid(41397ff5bfc6bfa478a6038bf652ae2a) Importer(815301076,1909f56bfc062723c751e8b465ee728b)  -> (artifact id: '6032cd1c5c1ff61d8f213cabeb490e6e') in 0.014284 seconds 
========================================================================
Received Import Request.
  Time since last request: 0.000195 seconds.
  path: Assets/Tiles/tiles_125.asset
  artifactKey: Guid(879ac1b8e34170242a0f767849dde5ad) Importer(815301076,1909f56bfc062723c751e8b465ee728b)
Start importing Assets/Tiles/tiles_125.asset using Guid(879ac1b8e34170242a0f767849dde5ad) Importer(815301076,1909f56bfc062723c751e8b465ee728b)  -> (artifact id: '7e45c60f5593b192086f2b2d03f9e173') in 0.016640 seconds 
========================================================================
Received Import Request.
  Time since last request: 0.000240 seconds.
  path: Assets/Tiles/tiles_109.asset
  artifactKey: Guid(936b600fb0c68dd4285f404b9db14875) Importer(815301076,1909f56bfc062723c751e8b465ee728b)
Start importing Assets/Tiles/tiles_109.asset using Guid(936b600fb0c68dd4285f404b9db14875) Importer(815301076,1909f56bfc062723c751e8b465ee728b)  -> (artifact id: '875ea4851f874551aaa998726b1be0ee') in 0.014425 seconds 
========================================================================
Received Import Request.
  Time since last request: 0.000277 seconds.
  path: Assets/Tiles/tiles_104.asset
  artifactKey: Guid(ce2247e0eeb090a4e8c97bd0cc371e8d) Importer(815301076,1909f56bfc062723c751e8b465ee728b)
Start importing Assets/Tiles/tiles_104.asset using Guid(ce2247e0eeb090a4e8c97bd0cc371e8d) Importer(815301076,1909f56bfc062723c751e8b465ee728b)  -> (artifact id: 'e62b5fc5dc0066edfd91e6dba5f8a878') in 0.028847 seconds 
========================================================================
Received Import Request.
  Time since last request: 0.000230 seconds.
  path: Assets/Tiles/tiles_143.asset
  artifactKey: Guid(a74e9a60d46a8fb42a17c388bc96cb5e) Importer(815301076,1909f56bfc062723c751e8b465ee728b)
Start importing Assets/Tiles/tiles_143.asset using Guid(a74e9a60d46a8fb42a17c388bc96cb5e) Importer(815301076,1909f56bfc062723c751e8b465ee728b)  -> (artifact id: 'b91f80cf085bdb9468a1cd8b0344a51a') in 0.021718 seconds 
========================================================================
Received Import Request.
  Time since last request: 0.000180 seconds.
  path: Assets/Tiles/tiles_150.asset
  artifactKey: Guid(45278ed68eb4bac4198661a8abf816cc) Importer(815301076,1909f56bfc062723c751e8b465ee728b)
Start importing Assets/Tiles/tiles_150.asset using Guid(45278ed68eb4bac4198661a8abf816cc) Importer(815301076,1909f56bfc062723c751e8b465ee728b)  -> (artifact id: '8270cbdf272e023cc97b15bd77e06183') in 0.014076 seconds 
========================================================================
Received Import Request.
  Time since last request: 0.000185 seconds.
  path: Assets/Tiles/tiles_152.asset
  artifactKey: Guid(f1cd104b38a5c6a48b620c36dc9815e2) Importer(815301076,1909f56bfc062723c751e8b465ee728b)
Start importing Assets/Tiles/tiles_152.asset using Guid(f1cd104b38a5c6a48b620c36dc9815e2) Importer(815301076,1909f56bfc062723c751e8b465ee728b)  -> (artifact id: '923ebc9123c25664881b290da1fd9a53') in 0.014692 seconds 
========================================================================
Received Import Request.
  Time since last request: 0.000192 seconds.
  path: Assets/Tiles/tiles_139.asset
  artifactKey: Guid(d6e6cdc53c007074bab74e68768d51df) Importer(815301076,1909f56bfc062723c751e8b465ee728b)
Start importing Assets/Tiles/tiles_139.asset using Guid(d6e6cdc53c007074bab74e68768d51df) Importer(815301076,1909f56bfc062723c751e8b465ee728b)  -> (artifact id: '8ecb546dc911d69b66cb654e1db1bd3c') in 0.014753 seconds 
========================================================================
Received Import Request.
  Time since last request: 0.000462 seconds.
  path: Assets/Tiles/tiles_118.asset
  artifactKey: Guid(cf3368c677186314eada0a28ea49e853) Importer(815301076,1909f56bfc062723c751e8b465ee728b)
Start importing Assets/Tiles/tiles_118.asset using Guid(cf3368c677186314eada0a28ea49e853) Importer(815301076,1909f56bfc062723c751e8b465ee728b)  -> (artifact id: '0ba9a6f1ca33c48aaba8f9d009fba04d') in 0.015142 seconds 
========================================================================
Received Import Request.
  Time since last request: 0.000249 seconds.
  path: Assets/Tiles/tiles_147.asset
  artifactKey: Guid(51e921ca24641d74688aa93dd7a0a65a) Importer(815301076,1909f56bfc062723c751e8b465ee728b)
Start importing Assets/Tiles/tiles_147.asset using Guid(51e921ca24641d74688aa93dd7a0a65a) Importer(815301076,1909f56bfc062723c751e8b465ee728b)  -> (artifact id: '24c039dd8d768dcba211852d38291b41') in 0.013341 seconds 
========================================================================
Received Import Request.
  Time since last request: 0.000233 seconds.
  path: Assets/Tiles/tiles_90.asset
  artifactKey: Guid(ac25f6ef130b5a447a68a8fd78a30a42) Importer(815301076,1909f56bfc062723c751e8b465ee728b)
Start importing Assets/Tiles/tiles_90.asset using Guid(ac25f6ef130b5a447a68a8fd78a30a42) Importer(815301076,1909f56bfc062723c751e8b465ee728b)  -> (artifact id: 'fecc18e4e7ad38694353cb679b18dffe') in 0.012693 seconds 
========================================================================
Received Import Request.
  Time since last request: 0.000298 seconds.
  path: Assets/Tiles/tiles_122.asset
  artifactKey: Guid(923fa9c56162d1643b26c8e019bce9e6) Importer(815301076,1909f56bfc062723c751e8b465ee728b)
Start importing Assets/Tiles/tiles_122.asset using Guid(923fa9c56162d1643b26c8e019bce9e6) Importer(815301076,1909f56bfc062723c751e8b465ee728b)  -> (artifact id: '342167a6cd9189ff2c9009acfeb49f51') in 0.012956 seconds 
========================================================================
Received Import Request.
  Time since last request: 0.000379 seconds.
  path: Assets/Tiles/tiles_151.asset
  artifactKey: Guid(aac0b25188aaf884583e5dbe095362f4) Importer(815301076,1909f56bfc062723c751e8b465ee728b)
Start importing Assets/Tiles/tiles_151.asset using Guid(aac0b25188aaf884583e5dbe095362f4) Importer(815301076,1909f56bfc062723c751e8b465ee728b)  -> (artifact id: '89aaf83f6f5eae010e7769844e7d360d') in 0.014252 seconds 
========================================================================
Received Import Request.
  Time since last request: 0.000290 seconds.
  path: Assets/Tiles/tiles_97.asset
  artifactKey: Guid(bb22cfd2bb6ab9b429ca8a8b61cd8ebc) Importer(815301076,1909f56bfc062723c751e8b465ee728b)
Start importing Assets/Tiles/tiles_97.asset using Guid(bb22cfd2bb6ab9b429ca8a8b61cd8ebc) Importer(815301076,1909f56bfc062723c751e8b465ee728b)  -> (artifact id: '677a86f999e44c65c94d4172ba046276') in 0.017132 seconds 
========================================================================
Received Import Request.
  Time since last request: 0.000271 seconds.
  path: Assets/Tiles/tiles_129.asset
  artifactKey: Guid(d2eea3209596f224fa93cbe7e9df1565) Importer(815301076,1909f56bfc062723c751e8b465ee728b)
Start importing Assets/Tiles/tiles_129.asset using Guid(d2eea3209596f224fa93cbe7e9df1565) Importer(815301076,1909f56bfc062723c751e8b465ee728b)  -> (artifact id: '2d5bbf261c7fa4d0927065c405e3e700') in 0.017179 seconds 
========================================================================
Received Import Request.
  Time since last request: 0.000217 seconds.
  path: Assets/Tiles/tiles_128.asset
  artifactKey: Guid(f345b9abcb1b06145999d3abcb1a12c3) Importer(815301076,1909f56bfc062723c751e8b465ee728b)
Start importing Assets/Tiles/tiles_128.asset using Guid(f345b9abcb1b06145999d3abcb1a12c3) Importer(815301076,1909f56bfc062723c751e8b465ee728b)  -> (artifact id: 'c27371c27f9569ece79a6086f761f5ff') in 0.012457 seconds 
========================================================================
Received Import Request.
  Time since last request: 0.000253 seconds.
  path: Assets/Tiles/tiles_82.asset
  artifactKey: Guid(28f0373068b132d4e89c9986775c548c) Importer(815301076,1909f56bfc062723c751e8b465ee728b)
Start importing Assets/Tiles/tiles_82.asset using Guid(28f0373068b132d4e89c9986775c548c) Importer(815301076,1909f56bfc062723c751e8b465ee728b)  -> (artifact id: '4cdd735ca60862b5b10bc346c3e087e3') in 0.015456 seconds 
========================================================================
Received Import Request.
  Time since last request: 0.000189 seconds.
  path: Assets/Tiles/tiles_110.asset
  artifactKey: Guid(18bdd58fa246f3f47a07110afb508c6d) Importer(815301076,1909f56bfc062723c751e8b465ee728b)
Start importing Assets/Tiles/tiles_110.asset using Guid(18bdd58fa246f3f47a07110afb508c6d) Importer(815301076,1909f56bfc062723c751e8b465ee728b)  -> (artifact id: '56d41a983650dcbe6a9af9ac6bd485cb') in 0.015244 seconds 
========================================================================
Received Import Request.
  Time since last request: 0.000201 seconds.
  path: Assets/Tiles/tiles_126.asset
  artifactKey: Guid(d6e526930e4607447b8bcb68c77ecdac) Importer(815301076,1909f56bfc062723c751e8b465ee728b)
Start importing Assets/Tiles/tiles_126.asset using Guid(d6e526930e4607447b8bcb68c77ecdac) Importer(815301076,1909f56bfc062723c751e8b465ee728b)  -> (artifact id: '55e15ed052679b2296bbe42811ddd909') in 0.013360 seconds 
========================================================================
Received Import Request.
  Time since last request: 0.000267 seconds.
  path: Assets/Tiles/tiles_181.asset
  artifactKey: Guid(a728d6666c3aa164e85b91b858ed42fc) Importer(815301076,1909f56bfc062723c751e8b465ee728b)
Start importing Assets/Tiles/tiles_181.asset using Guid(a728d6666c3aa164e85b91b858ed42fc) Importer(815301076,1909f56bfc062723c751e8b465ee728b)  -> (artifact id: '376a11ec3fedcaa5b0b6ecac94fd6c7b') in 0.017581 seconds 
========================================================================
Received Import Request.
  Time since last request: 0.000206 seconds.
  path: Assets/Tiles/tiles_83.asset
  artifactKey: Guid(d723f4f6e362dc14c9bac0b49c5ece0b) Importer(815301076,1909f56bfc062723c751e8b465ee728b)
Start importing Assets/Tiles/tiles_83.asset using Guid(d723f4f6e362dc14c9bac0b49c5ece0b) Importer(815301076,1909f56bfc062723c751e8b465ee728b)  -> (artifact id: '1f11fb193d79907743123a1c4637de03') in 0.014378 seconds 
========================================================================
Received Import Request.
  Time since last request: 0.000197 seconds.
  path: Assets/Tiles/tiles_179.asset
  artifactKey: Guid(d40c78d497b2c6d48bf9a55bdd7a95a6) Importer(815301076,1909f56bfc062723c751e8b465ee728b)
Start importing Assets/Tiles/tiles_179.asset using Guid(d40c78d497b2c6d48bf9a55bdd7a95a6) Importer(815301076,1909f56bfc062723c751e8b465ee728b)  -> (artifact id: '99ee23a74c13303b746bacc0a0cb8515') in 0.014567 seconds 
========================================================================
Received Import Request.
  Time since last request: 0.000202 seconds.
  path: Assets/Tiles/tiles_133.asset
  artifactKey: Guid(6e27550cd22297943b87796ac8f7bceb) Importer(815301076,1909f56bfc062723c751e8b465ee728b)
Start importing Assets/Tiles/tiles_133.asset using Guid(6e27550cd22297943b87796ac8f7bceb) Importer(815301076,1909f56bfc062723c751e8b465ee728b)  -> (artifact id: '93b44f37c656cdb9b138cea43d97207b') in 0.020324 seconds 
========================================================================
Received Import Request.
  Time since last request: 0.000188 seconds.
  path: Assets/Tiles/tiles_171.asset
  artifactKey: Guid(0f9de8832111cd74aa82bee55da37466) Importer(815301076,1909f56bfc062723c751e8b465ee728b)
Start importing Assets/Tiles/tiles_171.asset using Guid(0f9de8832111cd74aa82bee55da37466) Importer(815301076,1909f56bfc062723c751e8b465ee728b)  -> (artifact id: '854f6079868bf88be9ac9cdae33aea9c') in 0.014435 seconds 
========================================================================
Received Import Request.
  Time since last request: 0.000436 seconds.
  path: Assets/Tiles/tiles_132.asset
  artifactKey: Guid(a61801a37ef8081449f07a93095b5a6b) Importer(815301076,1909f56bfc062723c751e8b465ee728b)
Start importing Assets/Tiles/tiles_132.asset using Guid(a61801a37ef8081449f07a93095b5a6b) Importer(815301076,1909f56bfc062723c751e8b465ee728b)  -> (artifact id: '8d004c2685798c0a3b8e8478ace3c16e') in 0.016234 seconds 
========================================================================
Received Import Request.
  Time since last request: 0.000242 seconds.
  path: Assets/Tiles/tiles_89.asset
  artifactKey: Guid(a9837420f15ed5a44a91e310d786f9fd) Importer(815301076,1909f56bfc062723c751e8b465ee728b)
Start importing Assets/Tiles/tiles_89.asset using Guid(a9837420f15ed5a44a91e310d786f9fd) Importer(815301076,1909f56bfc062723c751e8b465ee728b)  -> (artifact id: 'a519c26215ba4a761f60296bea14698e') in 0.018770 seconds 
========================================================================
Received Import Request.
  Time since last request: 0.000284 seconds.
  path: Assets/Tiles/tiles_131.asset
  artifactKey: Guid(74965765550691443b53daf667f7eb25) Importer(815301076,1909f56bfc062723c751e8b465ee728b)
Start importing Assets/Tiles/tiles_131.asset using Guid(74965765550691443b53daf667f7eb25) Importer(815301076,1909f56bfc062723c751e8b465ee728b)  -> (artifact id: 'bcd2b56d82f970b34bc952dfd53ad633') in 0.039249 seconds 
========================================================================
Received Import Request.
  Time since last request: 0.000228 seconds.
  path: Assets/Tiles/tiles_88.asset
  artifactKey: Guid(03ced63e24e652248887569f806edbee) Importer(815301076,1909f56bfc062723c751e8b465ee728b)
Start importing Assets/Tiles/tiles_88.asset using Guid(03ced63e24e652248887569f806edbee) Importer(815301076,1909f56bfc062723c751e8b465ee728b)  -> (artifact id: '2fbf196a450be3abe6033d5a215ba569') in 0.014877 seconds 
========================================================================
Received Import Request.
  Time since last request: 0.000234 seconds.
  path: Assets/Tiles/tiles_120.asset
  artifactKey: Guid(11981654d410d004db71405063494e6a) Importer(815301076,1909f56bfc062723c751e8b465ee728b)
Start importing Assets/Tiles/tiles_120.asset using Guid(11981654d410d004db71405063494e6a) Importer(815301076,1909f56bfc062723c751e8b465ee728b)  -> (artifact id: '3e4b6c104092519ba8da1064c5040d08') in 0.019352 seconds 
========================================================================
Received Import Request.
  Time since last request: 0.000219 seconds.
  path: Assets/Tiles/tiles_177.asset
  artifactKey: Guid(90cbfda7028d7444ab749cecb68f5956) Importer(815301076,1909f56bfc062723c751e8b465ee728b)
Start importing Assets/Tiles/tiles_177.asset using Guid(90cbfda7028d7444ab749cecb68f5956) Importer(815301076,1909f56bfc062723c751e8b465ee728b)  -> (artifact id: '02c99c8d5b7ddbcc3c3b2f82b1987f7c') in 0.014441 seconds 
========================================================================
Received Import Request.
  Time since last request: 0.000550 seconds.
  path: Assets/Tiles/tiles_117.asset
  artifactKey: Guid(e500224b3c101974fbc539f97edac923) Importer(815301076,1909f56bfc062723c751e8b465ee728b)
Start importing Assets/Tiles/tiles_117.asset using Guid(e500224b3c101974fbc539f97edac923) Importer(815301076,1909f56bfc062723c751e8b465ee728b)  -> (artifact id: 'd9517e28573453418dd534f6b235656c') in 0.033941 seconds 
========================================================================
Received Import Request.
  Time since last request: 0.000364 seconds.
  path: Assets/Tiles/tiles_142.asset
  artifactKey: Guid(9f4b9a6fcc070bf4087ee203a04cc0d3) Importer(815301076,1909f56bfc062723c751e8b465ee728b)
Start importing Assets/Tiles/tiles_142.asset using Guid(9f4b9a6fcc070bf4087ee203a04cc0d3) Importer(815301076,1909f56bfc062723c751e8b465ee728b)  -> (artifact id: '479c38b97649e16fb92ee5a8cf6ab2f8') in 0.020522 seconds 
========================================================================
Received Import Request.
  Time since last request: 0.000226 seconds.
  path: Assets/Tiles/tiles_100.asset
  artifactKey: Guid(324fdbde31bdbd940816ee26aaf1f28a) Importer(815301076,1909f56bfc062723c751e8b465ee728b)
Start importing Assets/Tiles/tiles_100.asset using Guid(324fdbde31bdbd940816ee26aaf1f28a) Importer(815301076,1909f56bfc062723c751e8b465ee728b)  -> (artifact id: '8a1636914be2fee8f1000d859684f860') in 0.013401 seconds 
========================================================================
Received Import Request.
  Time since last request: 0.000247 seconds.
  path: Assets/Tiles/tiles_115.asset
  artifactKey: Guid(dad195ee3c968d24c8401309e1eda03a) Importer(815301076,1909f56bfc062723c751e8b465ee728b)
Start importing Assets/Tiles/tiles_115.asset using Guid(dad195ee3c968d24c8401309e1eda03a) Importer(815301076,1909f56bfc062723c751e8b465ee728b)  -> (artifact id: '598d8e3aed5a3d387b0f3c31c528af9b') in 0.015990 seconds 
========================================================================
Received Import Request.
  Time since last request: 0.000207 seconds.
  path: Assets/Tiles/tiles_84.asset
  artifactKey: Guid(a5fa180d872369643a0e55bfc5fc6930) Importer(815301076,1909f56bfc062723c751e8b465ee728b)
Start importing Assets/Tiles/tiles_84.asset using Guid(a5fa180d872369643a0e55bfc5fc6930) Importer(815301076,1909f56bfc062723c751e8b465ee728b)  -> (artifact id: '62f9bfe6dce6f7555fb5c16c983ce3b2') in 0.020952 seconds 
========================================================================
Received Import Request.
  Time since last request: 0.000325 seconds.
  path: Assets/Tiles/tiles_93.asset
  artifactKey: Guid(4afa6c7c66a9f1a4fa752a8aedb24f9e) Importer(815301076,1909f56bfc062723c751e8b465ee728b)
Start importing Assets/Tiles/tiles_93.asset using Guid(4afa6c7c66a9f1a4fa752a8aedb24f9e) Importer(815301076,1909f56bfc062723c751e8b465ee728b)  -> (artifact id: '367b5f979afd4bf751f7c6d11028e226') in 0.016944 seconds 
========================================================================
Received Import Request.
  Time since last request: 0.000180 seconds.
  path: Assets/Tiles/tiles_168.asset
  artifactKey: Guid(d1f0b6b272e5e3048b793ade1850ca56) Importer(815301076,1909f56bfc062723c751e8b465ee728b)
Start importing Assets/Tiles/tiles_168.asset using Guid(d1f0b6b272e5e3048b793ade1850ca56) Importer(815301076,1909f56bfc062723c751e8b465ee728b)  -> (artifact id: '67e08cc0c29b1cfe9bc368bf129aa9fd') in 0.013395 seconds 
========================================================================
Received Import Request.
  Time since last request: 0.000209 seconds.
  path: Assets/Tiles/tiles_158.asset
  artifactKey: Guid(aa797a8a79c907f43a52e806ea133fd9) Importer(815301076,1909f56bfc062723c751e8b465ee728b)
Start importing Assets/Tiles/tiles_158.asset using Guid(aa797a8a79c907f43a52e806ea133fd9) Importer(815301076,1909f56bfc062723c751e8b465ee728b)  -> (artifact id: '55e919cd17089aa7fa7060e025752fa0') in 0.014568 seconds 
========================================================================
Received Import Request.
  Time since last request: 0.000189 seconds.
  path: Assets/Tiles/tiles_94.asset
  artifactKey: Guid(3c7e89e087261ac4c9716c77c9984327) Importer(815301076,1909f56bfc062723c751e8b465ee728b)
Start importing Assets/Tiles/tiles_94.asset using Guid(3c7e89e087261ac4c9716c77c9984327) Importer(815301076,1909f56bfc062723c751e8b465ee728b)  -> (artifact id: '9d0553ed5e46de364b8831a63335dafb') in 0.015268 seconds 
========================================================================
Received Import Request.
  Time since last request: 0.000201 seconds.
  path: Assets/Tiles/tiles_161.asset
  artifactKey: Guid(87d8f2603e2ac8d4793d2365284b09e7) Importer(815301076,1909f56bfc062723c751e8b465ee728b)
Start importing Assets/Tiles/tiles_161.asset using Guid(87d8f2603e2ac8d4793d2365284b09e7) Importer(815301076,1909f56bfc062723c751e8b465ee728b)  -> (artifact id: '849afc5e16b78ce3d671f0206a29b194') in 0.014735 seconds 
========================================================================
Received Import Request.
  Time since last request: 0.000214 seconds.
  path: Assets/Tiles/tiles_160.asset
  artifactKey: Guid(f20c5836ef30f4849baf61178a0f1ab2) Importer(815301076,1909f56bfc062723c751e8b465ee728b)
Start importing Assets/Tiles/tiles_160.asset using Guid(f20c5836ef30f4849baf61178a0f1ab2) Importer(815301076,1909f56bfc062723c751e8b465ee728b)  -> (artifact id: '81fbc8d21f8f2da0a9feefef16c27502') in 0.015367 seconds 
========================================================================
Received Import Request.
  Time since last request: 0.000289 seconds.
  path: Assets/Tiles/tiles_167.asset
  artifactKey: Guid(72b52c68d6a39c042917e8703effadfc) Importer(815301076,1909f56bfc062723c751e8b465ee728b)
Start importing Assets/Tiles/tiles_167.asset using Guid(72b52c68d6a39c042917e8703effadfc) Importer(815301076,1909f56bfc062723c751e8b465ee728b)  -> (artifact id: '7be0dfdf3fd99682d6a35903ed919c38') in 0.017391 seconds 
========================================================================
Received Import Request.
  Time since last request: 0.000179 seconds.
  path: Assets/Tiles/tiles_176.asset
  artifactKey: Guid(8040b1c73fb2a024785cab9010586683) Importer(815301076,1909f56bfc062723c751e8b465ee728b)
Start importing Assets/Tiles/tiles_176.asset using Guid(8040b1c73fb2a024785cab9010586683) Importer(815301076,1909f56bfc062723c751e8b465ee728b)  -> (artifact id: '032d22756abc5455637c81642b6b4180') in 0.020937 seconds 
========================================================================
Received Import Request.
  Time since last request: 0.000177 seconds.
  path: Assets/Tiles/tiles_156.asset
  artifactKey: Guid(efd326b8e631c964186747e8d4a9305c) Importer(815301076,1909f56bfc062723c751e8b465ee728b)
Start importing Assets/Tiles/tiles_156.asset using Guid(efd326b8e631c964186747e8d4a9305c) Importer(815301076,1909f56bfc062723c751e8b465ee728b)  -> (artifact id: '7dfbe69f17dbb7c202fd3346a342c166') in 0.016268 seconds 
========================================================================
Received Import Request.
  Time since last request: 0.000206 seconds.
  path: Assets/Tiles/tiles_99.asset
  artifactKey: Guid(bd33d0e79470baf4684c74bc8dcdc1c6) Importer(815301076,1909f56bfc062723c751e8b465ee728b)
Start importing Assets/Tiles/tiles_99.asset using Guid(bd33d0e79470baf4684c74bc8dcdc1c6) Importer(815301076,1909f56bfc062723c751e8b465ee728b)  -> (artifact id: 'fd353ad1b3bbce53e184c86991146f6e') in 0.016464 seconds 
========================================================================
Received Import Request.
  Time since last request: 0.000203 seconds.
  path: Assets/Tiles/tiles_154.asset
  artifactKey: Guid(ed8e0c31850202240b225804c30766c2) Importer(815301076,1909f56bfc062723c751e8b465ee728b)
Start importing Assets/Tiles/tiles_154.asset using Guid(ed8e0c31850202240b225804c30766c2) Importer(815301076,1909f56bfc062723c751e8b465ee728b)  -> (artifact id: 'b8bf5efe3f38249d4e635edda70f21c4') in 0.014702 seconds 
========================================================================
Received Import Request.
  Time since last request: 0.000210 seconds.
  path: Assets/Tiles/tiles_85.asset
  artifactKey: Guid(35d903fad18ad2742a0ff8dfffc67eb4) Importer(815301076,1909f56bfc062723c751e8b465ee728b)
Start importing Assets/Tiles/tiles_85.asset using Guid(35d903fad18ad2742a0ff8dfffc67eb4) Importer(815301076,1909f56bfc062723c751e8b465ee728b)  -> (artifact id: '26a201c3b33255645d18c3108ae362fb') in 0.015496 seconds 
========================================================================
Received Import Request.
  Time since last request: 0.000196 seconds.
  path: Assets/Tiles/tiles_108.asset
  artifactKey: Guid(343369ab405e2ad4487a2f73171ae837) Importer(815301076,1909f56bfc062723c751e8b465ee728b)
Start importing Assets/Tiles/tiles_108.asset using Guid(343369ab405e2ad4487a2f73171ae837) Importer(815301076,1909f56bfc062723c751e8b465ee728b)  -> (artifact id: 'b91bd75dc515a12faf27813bc323bcc7') in 0.015524 seconds 
========================================================================
Received Import Request.
  Time since last request: 0.000221 seconds.
  path: Assets/Tiles/tiles_175.asset
  artifactKey: Guid(498af146f68e3954a8c882311ceefa71) Importer(815301076,1909f56bfc062723c751e8b465ee728b)
Start importing Assets/Tiles/tiles_175.asset using Guid(498af146f68e3954a8c882311ceefa71) Importer(815301076,1909f56bfc062723c751e8b465ee728b)  -> (artifact id: '504d3be62df894ee7c5dad4fc91e103d') in 0.021460 seconds 
========================================================================
Received Import Request.
  Time since last request: 0.000176 seconds.
  path: Assets/Tiles/tiles_124.asset
  artifactKey: Guid(2450ff4f3e8b56149bd8bdcc2a68ced7) Importer(815301076,1909f56bfc062723c751e8b465ee728b)
Start importing Assets/Tiles/tiles_124.asset using Guid(2450ff4f3e8b56149bd8bdcc2a68ced7) Importer(815301076,1909f56bfc062723c751e8b465ee728b)  -> (artifact id: 'e8d48c6da380bcb92ea85bf0a502654e') in 0.014361 seconds 
========================================================================
Received Import Request.
  Time since last request: 0.000177 seconds.
  path: Assets/Tiles/tiles_153.asset
  artifactKey: Guid(7d5aba5412c0cf94ea5a512a2e6ecd7e) Importer(815301076,1909f56bfc062723c751e8b465ee728b)
Start importing Assets/Tiles/tiles_153.asset using Guid(7d5aba5412c0cf94ea5a512a2e6ecd7e) Importer(815301076,1909f56bfc062723c751e8b465ee728b)  -> (artifact id: 'e12f1c199e17b3411583e02aa1fc94d3') in 0.015312 seconds 
========================================================================
Received Import Request.
  Time since last request: 0.000248 seconds.
  path: Assets/Tiles/tiles_121.asset
  artifactKey: Guid(277ad27cfe080d84f8be876ef2cab6b9) Importer(815301076,1909f56bfc062723c751e8b465ee728b)
Start importing Assets/Tiles/tiles_121.asset using Guid(277ad27cfe080d84f8be876ef2cab6b9) Importer(815301076,1909f56bfc062723c751e8b465ee728b)  -> (artifact id: '90c420eea1c16c1ee321b0a14e7a9d31') in 0.016042 seconds 
========================================================================
Received Import Request.
  Time since last request: 0.000356 seconds.
  path: Assets/Tiles/tiles_106.asset
  artifactKey: Guid(943979e50400c1b48aa99c7d915104f5) Importer(815301076,1909f56bfc062723c751e8b465ee728b)
Start importing Assets/Tiles/tiles_106.asset using Guid(943979e50400c1b48aa99c7d915104f5) Importer(815301076,1909f56bfc062723c751e8b465ee728b)  -> (artifact id: 'ab3c0ecb7db868db6b970cca0637c10c') in 0.022289 seconds 
========================================================================
Received Import Request.
  Time since last request: 0.000226 seconds.
  path: Assets/Tiles/tiles_111.asset
  artifactKey: Guid(d02a92cf98dd2e64abda6eb7af34b4a6) Importer(815301076,1909f56bfc062723c751e8b465ee728b)
Start importing Assets/Tiles/tiles_111.asset using Guid(d02a92cf98dd2e64abda6eb7af34b4a6) Importer(815301076,1909f56bfc062723c751e8b465ee728b)  -> (artifact id: '382941dd7e3a7b0625b3cf3d220780f9') in 0.014257 seconds 
========================================================================
Received Import Request.
  Time since last request: 0.000209 seconds.
  path: Assets/Tiles/tiles_123.asset
  artifactKey: Guid(5f06ff0d8f71c5f4d9c9bb431b4b4db1) Importer(815301076,1909f56bfc062723c751e8b465ee728b)
Start importing Assets/Tiles/tiles_123.asset using Guid(5f06ff0d8f71c5f4d9c9bb431b4b4db1) Importer(815301076,1909f56bfc062723c751e8b465ee728b)  -> (artifact id: 'c694473acc3bb94b58b84458da21dca9') in 0.015640 seconds 
========================================================================
Received Import Request.
  Time since last request: 0.000981 seconds.
  path: Assets/Tiles/tiles_107.asset
  artifactKey: Guid(fe47a5bd7f8ce474e80378bbb80cf6ed) Importer(815301076,1909f56bfc062723c751e8b465ee728b)
Start importing Assets/Tiles/tiles_107.asset using Guid(fe47a5bd7f8ce474e80378bbb80cf6ed) Importer(815301076,1909f56bfc062723c751e8b465ee728b)  -> (artifact id: 'ddc8700e857088868778a5fe8ffa63c8') in 0.021302 seconds 
========================================================================
Received Import Request.
  Time since last request: 0.000279 seconds.
  path: Assets/Tiles/tiles_144.asset
  artifactKey: Guid(2a79576aefa8ea346b068d1751896eae) Importer(815301076,1909f56bfc062723c751e8b465ee728b)
Start importing Assets/Tiles/tiles_144.asset using Guid(2a79576aefa8ea346b068d1751896eae) Importer(815301076,1909f56bfc062723c751e8b465ee728b)  -> (artifact id: 'abe1a242ca1a9d9ca3b320bcd5088156') in 0.017590 seconds 
========================================================================
Received Import Request.
  Time since last request: 0.000493 seconds.
  path: Assets/Tiles/tiles_91.asset
  artifactKey: Guid(685a5da0385ad854fa233e8fb28df6fd) Importer(815301076,1909f56bfc062723c751e8b465ee728b)
Start importing Assets/Tiles/tiles_91.asset using Guid(685a5da0385ad854fa233e8fb28df6fd) Importer(815301076,1909f56bfc062723c751e8b465ee728b)  -> (artifact id: 'c0454009d58b146187a2290c9bab1a6d') in 0.019607 seconds 
========================================================================
Received Import Request.
  Time since last request: 0.000237 seconds.
  path: Assets/Tiles/tiles_116.asset
  artifactKey: Guid(7b99bea4c3e376b499b01fb4abd1d8cd) Importer(815301076,1909f56bfc062723c751e8b465ee728b)
Start importing Assets/Tiles/tiles_116.asset using Guid(7b99bea4c3e376b499b01fb4abd1d8cd) Importer(815301076,1909f56bfc062723c751e8b465ee728b)  -> (artifact id: '590ce709df67a6a37cf69410fa0061f1') in 0.014623 seconds 
========================================================================
Received Import Request.
  Time since last request: 0.000217 seconds.
  path: Assets/Tiles/tiles_86.asset
  artifactKey: Guid(8d6ac7f8d485afb438e8dc739680a630) Importer(815301076,1909f56bfc062723c751e8b465ee728b)
Start importing Assets/Tiles/tiles_86.asset using Guid(8d6ac7f8d485afb438e8dc739680a630) Importer(815301076,1909f56bfc062723c751e8b465ee728b)  -> (artifact id: 'fe8bae2944a0c4c89163a61cf19b4fd8') in 0.015454 seconds 
========================================================================
Received Import Request.
  Time since last request: 0.000374 seconds.
  path: Assets/Tiles/tiles_162.asset
  artifactKey: Guid(958f98b77747cc0419a3a756d7c26fed) Importer(815301076,1909f56bfc062723c751e8b465ee728b)
Start importing Assets/Tiles/tiles_162.asset using Guid(958f98b77747cc0419a3a756d7c26fed) Importer(815301076,1909f56bfc062723c751e8b465ee728b)  -> (artifact id: '948b8190a5ef7e954397ad4e9332c86f') in 0.019583 seconds 
========================================================================
Received Import Request.
  Time since last request: 0.000292 seconds.
  path: Assets/Tiles/tiles_172.asset
  artifactKey: Guid(884310ff7f5779c438283553db9bd4db) Importer(815301076,1909f56bfc062723c751e8b465ee728b)
Start importing Assets/Tiles/tiles_172.asset using Guid(884310ff7f5779c438283553db9bd4db) Importer(815301076,1909f56bfc062723c751e8b465ee728b)  -> (artifact id: '3ef2a7499d293edde012708c0efdaf70') in 0.014149 seconds 
========================================================================
Received Import Request.
  Time since last request: 0.000247 seconds.
  path: Assets/Tiles/tiles_95.asset
  artifactKey: Guid(ee6da4075d0ebe7438a5b694a67b15f1) Importer(815301076,1909f56bfc062723c751e8b465ee728b)
Start importing Assets/Tiles/tiles_95.asset using Guid(ee6da4075d0ebe7438a5b694a67b15f1) Importer(815301076,1909f56bfc062723c751e8b465ee728b)  -> (artifact id: 'aa2d641a6fea59470b56d37d588098bf') in 0.016031 seconds 
========================================================================
Received Import Request.
  Time since last request: 0.000311 seconds.
  path: Assets/Tiles/tiles_163.asset
  artifactKey: Guid(fb89078ee0514b743b992dbd0f3f1523) Importer(815301076,1909f56bfc062723c751e8b465ee728b)
Start importing Assets/Tiles/tiles_163.asset using Guid(fb89078ee0514b743b992dbd0f3f1523) Importer(815301076,1909f56bfc062723c751e8b465ee728b)  -> (artifact id: '79690d44f5e52460136080d0fd9d2c53') in 0.016889 seconds 
========================================================================
Received Import Request.
  Time since last request: 0.000212 seconds.
  path: Assets/Tiles/tiles_159.asset
  artifactKey: Guid(1661cf8da7c8a7f4c890936d5ef1bfb0) Importer(815301076,1909f56bfc062723c751e8b465ee728b)
Start importing Assets/Tiles/tiles_159.asset using Guid(1661cf8da7c8a7f4c890936d5ef1bfb0) Importer(815301076,1909f56bfc062723c751e8b465ee728b)  -> (artifact id: '16dc64fc2ca33e057474d3263b6aa283') in 0.013516 seconds 
========================================================================
Received Import Request.
  Time since last request: 0.000226 seconds.
  path: Assets/Tiles/tiles_96.asset
  artifactKey: Guid(84e750ffd77628c4bbe8001672ee4141) Importer(815301076,1909f56bfc062723c751e8b465ee728b)
Start importing Assets/Tiles/tiles_96.asset using Guid(84e750ffd77628c4bbe8001672ee4141) Importer(815301076,1909f56bfc062723c751e8b465ee728b)  -> (artifact id: '78e4d009d2c9a1e53d3c481f019a925d') in 0.016807 seconds 
========================================================================
Received Import Request.
  Time since last request: 0.000276 seconds.
  path: Assets/Tiles/tiles_149.asset
  artifactKey: Guid(e10a5a43ecf10444c8f6b6f0961eef38) Importer(815301076,1909f56bfc062723c751e8b465ee728b)
Start importing Assets/Tiles/tiles_149.asset using Guid(e10a5a43ecf10444c8f6b6f0961eef38) Importer(815301076,1909f56bfc062723c751e8b465ee728b)  -> (artifact id: '5d563e7b48c8a9ed6e4e52daef6660c6') in 0.014609 seconds 
========================================================================
Received Import Request.
  Time since last request: 0.000219 seconds.
  path: Assets/Tiles/tiles_135.asset
  artifactKey: Guid(4715512d1c4b55048b618048945821b3) Importer(815301076,1909f56bfc062723c751e8b465ee728b)
Start importing Assets/Tiles/tiles_135.asset using Guid(4715512d1c4b55048b618048945821b3) Importer(815301076,1909f56bfc062723c751e8b465ee728b)  -> (artifact id: '977ccd57527cd6b2143abe11e663a5ac') in 0.020551 seconds 
========================================================================
Received Import Request.
  Time since last request: 0.000209 seconds.
  path: Assets/Tiles/tiles_174.asset
  artifactKey: Guid(2e234c03d6fb9bf4493c107d889c076f) Importer(815301076,1909f56bfc062723c751e8b465ee728b)
Start importing Assets/Tiles/tiles_174.asset using Guid(2e234c03d6fb9bf4493c107d889c076f) Importer(815301076,1909f56bfc062723c751e8b465ee728b)  -> (artifact id: '5da1abed96528b29840871d30ae7fffe') in 0.023085 seconds 
========================================================================
Received Import Request.
  Time since last request: 0.000207 seconds.
  path: Assets/Tiles/tiles_119.asset
  artifactKey: Guid(899bead3d0db8c648bc09439eaa0a812) Importer(815301076,1909f56bfc062723c751e8b465ee728b)
Start importing Assets/Tiles/tiles_119.asset using Guid(899bead3d0db8c648bc09439eaa0a812) Importer(815301076,1909f56bfc062723c751e8b465ee728b)  -> (artifact id: 'c22235fc0e23db96b463952bd1e0de78') in 0.013977 seconds 
========================================================================
Received Import Request.
  Time since last request: 0.000190 seconds.
  path: Assets/Tiles/tiles_164.asset
  artifactKey: Guid(403f9cbaa69079f4db733bd9fa2beb6b) Importer(815301076,1909f56bfc062723c751e8b465ee728b)
Start importing Assets/Tiles/tiles_164.asset using Guid(403f9cbaa69079f4db733bd9fa2beb6b) Importer(815301076,1909f56bfc062723c751e8b465ee728b)  -> (artifact id: '7adde48614c58edacb52ac510ecb6c85') in 0.024827 seconds 
========================================================================
Received Import Request.
  Time since last request: 0.000167 seconds.
  path: Assets/Tiles/tiles_136.asset
  artifactKey: Guid(4309a2652ff91794abbee3d9f9cc8a87) Importer(815301076,1909f56bfc062723c751e8b465ee728b)
Start importing Assets/Tiles/tiles_136.asset using Guid(4309a2652ff91794abbee3d9f9cc8a87) Importer(815301076,1909f56bfc062723c751e8b465ee728b)  -> (artifact id: '9b0ff8cbffee03824d1a9006d9456c1a') in 0.013939 seconds 
AssetImportWorkerClient::OnTransportError - code=2 error=End of file
